#
# There is insufficient memory for the Java Runtime Environment to continue.
# Native memory allocation (malloc) failed to allocate 32744 bytes. Error detail: Chunk::new
# Possible reasons:
#   The system is out of physical RAM or swap space
#   This process is running with CompressedOops enabled, and the Java Heap may be blocking the growth of the native heap
# Possible solutions:
#   Reduce memory load on the system
#   Increase physical memory or swap space
#   Check if swap backing store is full
#   Decrease Java heap size (-Xmx/-Xms)
#   Decrease number of Java threads
#   Decrease Java thread stack sizes (-Xss)
#   Set larger code cache with -XX:ReservedCodeCacheSize=
#   JVM is running with Zero Based Compressed Oops mode in which the Java heap is
#     placed in the first 32GB address space. The Java Heap base address is the
#     maximum limit for the native heap growth. Please use -XX:HeapBaseMinAddress
#     to set the Java Heap base and to place the Java Heap above 32GB virtual address.
# This output file may be truncated or incomplete.
#
#  Out of Memory Error (arena.cpp:149), pid=12676, tid=20300
#
# JRE version: OpenJDK Runtime Environment (23.0.1+11) (build 23.0.1+11-39)
# Java VM: OpenJDK 64-Bit Server VM (23.0.1+11-39, mixed mode, sharing, tiered, compressed oops, compressed class ptrs, g1 gc, windows-amd64)
# No core dump will be written. Minidumps are not enabled by default on client versions of Windows
#

---------------  S U M M A R Y ------------

Command Line: -javaagent:C:\Users\i n f i n i t y\AppData\Local\JetBrains\IntelliJ IDEA Community Edition 2023.3.6\lib\idea_rt.jar=59150:C:\Users\i n f i n i t y\AppData\Local\JetBrains\IntelliJ IDEA Community Edition 2023.3.6\bin -Dfile.encoding=UTF-8 -Dsun.stdout.encoding=UTF-8 -Dsun.stderr.encoding=UTF-8 com.smart.ourSite.OurSiteApplication

Host: Intel(R) Core(TM) i7-7700HQ CPU @ 2.80GHz, 8 cores, 15G,  Windows 10 , 64 bit Build 19041 (10.0.19041.5915)
Time: Thu Jul  3 05:58:51 2025 Egypt Daylight Time elapsed time: 140.474862 seconds (0d 0h 2m 20s)

---------------  T H R E A D  ---------------

Current thread (0x000001d46d3dc1f0):  JavaThread "C2 CompilerThread0" daemon [_thread_in_native, id=20300, stack(0x000000671fe00000,0x000000671ff00000) (1024K)]


Current CompileTask:
C2:140474 7781 %     4       java.util.Properties$LineReader::readLine @ 293 (584 bytes)

Stack: [0x000000671fe00000,0x000000671ff00000]
Native frames: (J=compiled Java code, j=interpreted, Vv=VM code, C=native code)
V  [jvm.dll+0x6e08b9]  (no source info available)
V  [jvm.dll+0x87dc83]  (no source info available)
V  [jvm.dll+0x88010e]  (no source info available)
V  [jvm.dll+0x8807e3]  (no source info available)
V  [jvm.dll+0x27aee6]  (no source info available)
V  [jvm.dll+0xbc06f]  (no source info available)
V  [jvm.dll+0xbc2cb]  (no source info available)
V  [jvm.dll+0x666a4b]  (no source info available)
V  [jvm.dll+0x666bef]  (no source info available)
V  [jvm.dll+0x66c7f7]  (no source info available)
V  [jvm.dll+0x66daf9]  (no source info available)
V  [jvm.dll+0x66bb55]  (no source info available)
V  [jvm.dll+0x2448d7]  (no source info available)
V  [jvm.dll+0x243dff]  (no source info available)
V  [jvm.dll+0x1c33a0]  (no source info available)
V  [jvm.dll+0x253cf1]  (no source info available)
V  [jvm.dll+0x251faa]  (no source info available)
V  [jvm.dll+0x3ee036]  (no source info available)
V  [jvm.dll+0x824f8b]  (no source info available)
V  [jvm.dll+0x6df065]  (no source info available)
C  [ucrtbase.dll+0x21bb2]  (no source info available)
C  [KERNEL32.DLL+0x17374]  (no source info available)
C  [ntdll.dll+0x4cc91]  (no source info available)

Lock stack of current Java thread (top to bottom):


---------------  P R O C E S S  ---------------

Threads class SMR info:
_java_thread_list=0x000001d44748f8d0, length=31, elements={
0x000001d46d3c5ba0, 0x000001d46d3c8810, 0x000001d46d3cbc10, 0x000001d46d3cc670,
0x000001d46d3cd4e0, 0x000001d46d3cdf40, 0x000001d46d3dc1f0, 0x000001d46d3e3120,
0x000001d4450cd0f0, 0x000001d44540d420, 0x000001d44540da90, 0x000001d44860e0f0,
0x000001d44860ee10, 0x000001d4462b3c10, 0x000001d4462b0e20, 0x000001d4462b4930,
0x000001d4462b6a00, 0x000001d4462b2860, 0x000001d4462b8440, 0x000001d4462b7090,
0x000001d4462b7720, 0x000001d4462b7db0, 0x000001d4462b14b0, 0x000001d4462b2ef0,
0x000001d4462b3580, 0x000001d4486101c0, 0x000001d44860e780, 0x000001d46dab96a0,
0x000001d46dab5b90, 0x000001d46dab82f0, 0x000001d46dab5500
}

Java Threads: ( => current thread )
  0x000001d46d3c5ba0 JavaThread "Reference Handler"          daemon [_thread_blocked, id=21216, stack(0x000000671f800000,0x000000671f900000) (1024K)]
  0x000001d46d3c8810 JavaThread "Finalizer"                  daemon [_thread_blocked, id=20060, stack(0x000000671f900000,0x000000671fa00000) (1024K)]
  0x000001d46d3cbc10 JavaThread "Signal Dispatcher"          daemon [_thread_blocked, id=23780, stack(0x000000671fa00000,0x000000671fb00000) (1024K)]
  0x000001d46d3cc670 JavaThread "Attach Listener"            daemon [_thread_blocked, id=1744, stack(0x000000671fb00000,0x000000671fc00000) (1024K)]
  0x000001d46d3cd4e0 JavaThread "Service Thread"             daemon [_thread_blocked, id=252, stack(0x000000671fc00000,0x000000671fd00000) (1024K)]
  0x000001d46d3cdf40 JavaThread "Monitor Deflation Thread"   daemon [_thread_blocked, id=13556, stack(0x000000671fd00000,0x000000671fe00000) (1024K)]
=>0x000001d46d3dc1f0 JavaThread "C2 CompilerThread0"         daemon [_thread_in_native, id=20300, stack(0x000000671fe00000,0x000000671ff00000) (1024K)]
  0x000001d46d3e3120 JavaThread "C1 CompilerThread0"         daemon [_thread_blocked, id=24280, stack(0x000000671ff00000,0x0000006720000000) (1024K)]
  0x000001d4450cd0f0 JavaThread "Common-Cleaner"             daemon [_thread_blocked, id=10676, stack(0x0000006720000000,0x0000006720100000) (1024K)]
  0x000001d44540d420 JavaThread "Monitor Ctrl-Break"         daemon [_thread_in_native, id=19908, stack(0x0000006720200000,0x0000006720300000) (1024K)]
  0x000001d44540da90 JavaThread "Notification Thread"        daemon [_thread_blocked, id=11380, stack(0x0000006720300000,0x0000006720400000) (1024K)]
  0x000001d44860e0f0 JavaThread "mysql-cj-abandoned-connection-cleanup" daemon [_thread_blocked, id=16392, stack(0x0000006720f00000,0x0000006721000000) (1024K)]
  0x000001d44860ee10 JavaThread "HikariPool-1:housekeeper"   daemon [_thread_blocked, id=22064, stack(0x0000006721100000,0x0000006721200000) (1024K)]
  0x000001d4462b3c10 JavaThread "Catalina-utility-1"                [_thread_blocked, id=14520, stack(0x0000006721300000,0x0000006721400000) (1024K)]
  0x000001d4462b0e20 JavaThread "Catalina-utility-2"                [_thread_blocked, id=22732, stack(0x0000006721400000,0x0000006721500000) (1024K)]
  0x000001d4462b4930 JavaThread "container-0"                       [_thread_blocked, id=16212, stack(0x0000006721500000,0x0000006721600000) (1024K)]
  0x000001d4462b6a00 JavaThread "File Watcher"               daemon [_thread_blocked, id=14352, stack(0x0000006721600000,0x0000006721700000) (1024K)]
  0x000001d4462b2860 JavaThread "Live Reload Server"         daemon [_thread_in_native, id=15656, stack(0x0000006721800000,0x0000006721900000) (1024K)]
  0x000001d4462b8440 JavaThread "http-nio-8080-exec-1"       daemon [_thread_blocked, id=22080, stack(0x0000006721700000,0x0000006721800000) (1024K)]
  0x000001d4462b7090 JavaThread "http-nio-8080-exec-2"       daemon [_thread_blocked, id=17280, stack(0x0000006721900000,0x0000006721a00000) (1024K)]
  0x000001d4462b7720 JavaThread "http-nio-8080-exec-3"       daemon [_thread_blocked, id=22308, stack(0x0000006721a00000,0x0000006721b00000) (1024K)]
  0x000001d4462b7db0 JavaThread "http-nio-8080-exec-4"       daemon [_thread_in_vm, id=20180, stack(0x0000006721b00000,0x0000006721c00000) (1024K)]
  0x000001d4462b14b0 JavaThread "http-nio-8080-exec-5"       daemon [_thread_blocked, id=13864, stack(0x0000006721c00000,0x0000006721d00000) (1024K)]
  0x000001d4462b2ef0 JavaThread "http-nio-8080-exec-6"       daemon [_thread_blocked, id=5036, stack(0x0000006721d00000,0x0000006721e00000) (1024K)]
  0x000001d4462b3580 JavaThread "http-nio-8080-exec-7"       daemon [_thread_blocked, id=14724, stack(0x0000006721e00000,0x0000006721f00000) (1024K)]
  0x000001d4486101c0 JavaThread "http-nio-8080-exec-8"       daemon [_thread_blocked, id=22900, stack(0x0000006721f00000,0x0000006722000000) (1024K)]
  0x000001d44860e780 JavaThread "http-nio-8080-exec-9"       daemon [_thread_blocked, id=15660, stack(0x0000006722000000,0x0000006722100000) (1024K)]
  0x000001d46dab96a0 JavaThread "http-nio-8080-exec-10"      daemon [_thread_blocked, id=12544, stack(0x0000006722100000,0x0000006722200000) (1024K)]
  0x000001d46dab5b90 JavaThread "http-nio-8080-Poller"       daemon [_thread_in_native, id=17468, stack(0x0000006722200000,0x0000006722300000) (1024K)]
  0x000001d46dab82f0 JavaThread "http-nio-8080-Acceptor"     daemon [_thread_in_native, id=9620, stack(0x0000006722300000,0x0000006722400000) (1024K)]
  0x000001d46dab5500 JavaThread "DestroyJavaVM"                     [_thread_blocked, id=7128, stack(0x000000671f000000,0x000000671f100000) (1024K)]
Total: 31

Other Threads:
  0x000001d46d3ad4e0 VMThread "VM Thread"                           [id=6632, stack(0x000000671f700000,0x000000671f800000) (1024K)]
  0x000001d46d398db0 WatcherThread "VM Periodic Task Thread"        [id=17916, stack(0x000000671f600000,0x000000671f700000) (1024K)]
  0x000001d44de97020 WorkerThread "GC Thread#0"                     [id=6872, stack(0x000000671f100000,0x000000671f200000) (1024K)]
  0x000001d445cb09a0 WorkerThread "GC Thread#1"                     [id=14176, stack(0x0000006720600000,0x0000006720700000) (1024K)]
  0x000001d445cb0d50 WorkerThread "GC Thread#2"                     [id=23112, stack(0x0000006720700000,0x0000006720800000) (1024K)]
  0x000001d445cb1100 WorkerThread "GC Thread#3"                     [id=3324, stack(0x0000006720800000,0x0000006720900000) (1024K)]
  0x000001d445cb14b0 WorkerThread "GC Thread#4"                     [id=22084, stack(0x0000006720900000,0x0000006720a00000) (1024K)]
  0x000001d445cb1860 WorkerThread "GC Thread#5"                     [id=4480, stack(0x0000006720a00000,0x0000006720b00000) (1024K)]
  0x000001d4461a49e0 WorkerThread "GC Thread#6"                     [id=1904, stack(0x0000006720c00000,0x0000006720d00000) (1024K)]
  0x000001d4461a4d90 WorkerThread "GC Thread#7"                     [id=21612, stack(0x0000006720d00000,0x0000006720e00000) (1024K)]
  0x000001d44deabd10 ConcurrentGCThread "G1 Main Marker"            [id=9680, stack(0x000000671f200000,0x000000671f300000) (1024K)]
  0x000001d44deacd70 WorkerThread "G1 Conc#0"                       [id=4484, stack(0x000000671f300000,0x000000671f400000) (1024K)]
  0x000001d446be7d50 WorkerThread "G1 Conc#1"                       [id=19324, stack(0x0000006720b00000,0x0000006720c00000) (1024K)]
  0x000001d46d2689c0 ConcurrentGCThread "G1 Refine#0"               [id=17256, stack(0x000000671f400000,0x000000671f500000) (1024K)]
  0x000001d46d26a200 ConcurrentGCThread "G1 Service"                [id=9820, stack(0x000000671f500000,0x000000671f600000) (1024K)]
Total: 15

Threads with active compile tasks:
C2 CompilerThread0  140497 7781 %     4       java.util.Properties$LineReader::readLine @ 293 (584 bytes)
Total: 1

VM state: not at safepoint (normal execution)

VM Mutex/Monitor currently owned by a thread: None

Heap address: 0x0000000702200000, size: 4062 MB, Compressed Oops mode: Zero based, Oop shift amount: 3

CDS archive(s) mapped at: [0x000001d400000000-0x000001d400d70000-0x000001d400d70000), size 14090240, SharedBaseAddress: 0x000001d400000000, ArchiveRelocationMode: 1.
Compressed class space mapped at: 0x000001d401000000-0x000001d441000000, reserved size: 1073741824
Narrow klass base: 0x000001d400000000, Narrow klass shift: 0, Narrow klass range: 0x41000000

GC Precious Log:
 CardTable entry size: 512
 Card Set container configuration: InlinePtr #cards 4 size 8 Array Of Cards #cards 16 size 48 Howl #buckets 8 coarsen threshold 3686 Howl Bitmap #cards 512 size 80 coarsen threshold 460 Card regions per heap region 1 cards per card region 4096
 CPUs: 8 total, 8 available
 Memory: 16245M
 Large Page Support: Disabled
 NUMA Support: Disabled
 Compressed Oops: Enabled (Zero based)
 Heap Region Size: 2M
 Heap Min Capacity: 8M
 Heap Initial Capacity: 254M
 Heap Max Capacity: 4062M
 Pre-touch: Disabled
 Parallel Workers: 8
 Concurrent Workers: 2
 Concurrent Refinement Workers: 8
 Periodic GC: Disabled

Heap:
 garbage-first heap   total reserved 4159488K, committed 157696K, used 84091K [0x0000000702200000, 0x0000000800000000)
  region size 2048K, 28 young (57344K), 1 survivors (2048K)
 Metaspace       used 71769K, committed 72512K, reserved 1114112K
  class space    used 9859K, committed 10176K, reserved 1048576K

Heap Regions: E=young(eden), S=young(survivor), O=old, HS=humongous(starts), HC=humongous(continues), CS=collection set, F=free, TAMS=top-at-mark-start, PB=parsable bottom
|   0|0x0000000702200000, 0x0000000702400000, 0x0000000702400000|100%| O|  |TAMS 0x0000000702200000| PB 0x0000000702200000| Untracked |  0
|   1|0x0000000702400000, 0x0000000702600000, 0x0000000702600000|100%| O|  |TAMS 0x0000000702400000| PB 0x0000000702400000| Untracked |  0
|   2|0x0000000702600000, 0x0000000702800000, 0x0000000702800000|100%| O|  |TAMS 0x0000000702600000| PB 0x0000000702600000| Untracked |  0
|   3|0x0000000702800000, 0x0000000702a00000, 0x0000000702a00000|100%| O|  |TAMS 0x0000000702800000| PB 0x0000000702800000| Untracked |  0
|   4|0x0000000702a00000, 0x0000000702c00000, 0x0000000702c00000|100%| O|  |TAMS 0x0000000702a00000| PB 0x0000000702a00000| Untracked |  0
|   5|0x0000000702c00000, 0x0000000702e00000, 0x0000000702e00000|100%| O|  |TAMS 0x0000000702c00000| PB 0x0000000702c00000| Untracked |  0
|   6|0x0000000702e00000, 0x0000000703000000, 0x0000000703000000|100%| O|  |TAMS 0x0000000702e00000| PB 0x0000000702e00000| Untracked |  0
|   7|0x0000000703000000, 0x0000000703200000, 0x0000000703200000|100%| O|  |TAMS 0x0000000703000000| PB 0x0000000703000000| Untracked |  0
|   8|0x0000000703200000, 0x0000000703400000, 0x0000000703400000|100%| O|  |TAMS 0x0000000703200000| PB 0x0000000703200000| Untracked |  0
|   9|0x0000000703400000, 0x0000000703600000, 0x0000000703600000|100%| O|  |TAMS 0x0000000703400000| PB 0x0000000703400000| Untracked |  0
|  10|0x0000000703600000, 0x0000000703800000, 0x0000000703800000|100%| O|  |TAMS 0x0000000703600000| PB 0x0000000703600000| Untracked |  0
|  11|0x0000000703800000, 0x0000000703a00000, 0x0000000703a00000|100%| O|  |TAMS 0x0000000703800000| PB 0x0000000703800000| Untracked |  0
|  12|0x0000000703a00000, 0x0000000703c00000, 0x0000000703c00000|100%| O|  |TAMS 0x0000000703a00000| PB 0x0000000703a00000| Untracked |  0
|  13|0x0000000703c00000, 0x0000000703e00000, 0x0000000703e00000|100%| O|  |TAMS 0x0000000703c00000| PB 0x0000000703c00000| Untracked |  0
|  14|0x0000000703e00000, 0x0000000703e9a050, 0x0000000704000000| 30%| O|  |TAMS 0x0000000703e00000| PB 0x0000000703e00000| Untracked |  0
|  15|0x0000000704000000, 0x0000000704000000, 0x0000000704200000|  0%| F|  |TAMS 0x0000000704000000| PB 0x0000000704000000| Untracked |  0
|  16|0x0000000704200000, 0x0000000704200000, 0x0000000704400000|  0%| F|  |TAMS 0x0000000704200000| PB 0x0000000704200000| Untracked |  0
|  17|0x0000000704400000, 0x0000000704400000, 0x0000000704600000|  0%| F|  |TAMS 0x0000000704400000| PB 0x0000000704400000| Untracked |  0
|  18|0x0000000704600000, 0x0000000704600000, 0x0000000704800000|  0%| F|  |TAMS 0x0000000704600000| PB 0x0000000704600000| Untracked |  0
|  19|0x0000000704800000, 0x0000000704984e20, 0x0000000704a00000| 75%| S|CS|TAMS 0x0000000704800000| PB 0x0000000704800000| Complete |  0
|  20|0x0000000704a00000, 0x0000000704a00000, 0x0000000704c00000|  0%| F|  |TAMS 0x0000000704a00000| PB 0x0000000704a00000| Untracked |  0
|  21|0x0000000704c00000, 0x0000000704c00000, 0x0000000704e00000|  0%| F|  |TAMS 0x0000000704c00000| PB 0x0000000704c00000| Untracked |  0
|  22|0x0000000704e00000, 0x0000000704e00000, 0x0000000705000000|  0%| F|  |TAMS 0x0000000704e00000| PB 0x0000000704e00000| Untracked |  0
|  23|0x0000000705000000, 0x0000000705000000, 0x0000000705200000|  0%| F|  |TAMS 0x0000000705000000| PB 0x0000000705000000| Untracked |  0
|  24|0x0000000705200000, 0x0000000705200000, 0x0000000705400000|  0%| F|  |TAMS 0x0000000705200000| PB 0x0000000705200000| Untracked |  0
|  25|0x0000000705400000, 0x0000000705400000, 0x0000000705600000|  0%| F|  |TAMS 0x0000000705400000| PB 0x0000000705400000| Untracked |  0
|  26|0x0000000705600000, 0x0000000705600000, 0x0000000705800000|  0%| F|  |TAMS 0x0000000705600000| PB 0x0000000705600000| Untracked |  0
|  27|0x0000000705800000, 0x0000000705800000, 0x0000000705a00000|  0%| F|  |TAMS 0x0000000705800000| PB 0x0000000705800000| Untracked |  0
|  28|0x0000000705a00000, 0x0000000705a00000, 0x0000000705c00000|  0%| F|  |TAMS 0x0000000705a00000| PB 0x0000000705a00000| Untracked |  0
|  29|0x0000000705c00000, 0x0000000705c00000, 0x0000000705e00000|  0%| F|  |TAMS 0x0000000705c00000| PB 0x0000000705c00000| Untracked |  0
|  30|0x0000000705e00000, 0x0000000705e00000, 0x0000000706000000|  0%| F|  |TAMS 0x0000000705e00000| PB 0x0000000705e00000| Untracked |  0
|  31|0x0000000706000000, 0x0000000706000000, 0x0000000706200000|  0%| F|  |TAMS 0x0000000706000000| PB 0x0000000706000000| Untracked |  0
|  32|0x0000000706200000, 0x0000000706200000, 0x0000000706400000|  0%| F|  |TAMS 0x0000000706200000| PB 0x0000000706200000| Untracked |  0
|  33|0x0000000706400000, 0x0000000706400000, 0x0000000706600000|  0%| F|  |TAMS 0x0000000706400000| PB 0x0000000706400000| Untracked |  0
|  34|0x0000000706600000, 0x0000000706600000, 0x0000000706800000|  0%| F|  |TAMS 0x0000000706600000| PB 0x0000000706600000| Untracked |  0
|  35|0x0000000706800000, 0x0000000706800000, 0x0000000706a00000|  0%| F|  |TAMS 0x0000000706800000| PB 0x0000000706800000| Untracked |  0
|  36|0x0000000706a00000, 0x0000000706a00000, 0x0000000706c00000|  0%| F|  |TAMS 0x0000000706a00000| PB 0x0000000706a00000| Untracked |  0
|  37|0x0000000706c00000, 0x0000000706c00000, 0x0000000706e00000|  0%| F|  |TAMS 0x0000000706c00000| PB 0x0000000706c00000| Untracked |  0
|  38|0x0000000706e00000, 0x0000000706e00000, 0x0000000707000000|  0%| F|  |TAMS 0x0000000706e00000| PB 0x0000000706e00000| Untracked |  0
|  39|0x0000000707000000, 0x0000000707000000, 0x0000000707200000|  0%| F|  |TAMS 0x0000000707000000| PB 0x0000000707000000| Untracked |  0
|  40|0x0000000707200000, 0x0000000707200000, 0x0000000707400000|  0%| F|  |TAMS 0x0000000707200000| PB 0x0000000707200000| Untracked |  0
|  41|0x0000000707400000, 0x0000000707400000, 0x0000000707600000|  0%| F|  |TAMS 0x0000000707400000| PB 0x0000000707400000| Untracked |  0
|  42|0x0000000707600000, 0x0000000707600000, 0x0000000707800000|  0%| F|  |TAMS 0x0000000707600000| PB 0x0000000707600000| Untracked |  0
|  43|0x0000000707800000, 0x0000000707800000, 0x0000000707a00000|  0%| F|  |TAMS 0x0000000707800000| PB 0x0000000707800000| Untracked |  0
|  44|0x0000000707a00000, 0x0000000707a00000, 0x0000000707c00000|  0%| F|  |TAMS 0x0000000707a00000| PB 0x0000000707a00000| Untracked |  0
|  45|0x0000000707c00000, 0x0000000707c00000, 0x0000000707e00000|  0%| F|  |TAMS 0x0000000707c00000| PB 0x0000000707c00000| Untracked |  0
|  46|0x0000000707e00000, 0x0000000707e00000, 0x0000000708000000|  0%| F|  |TAMS 0x0000000707e00000| PB 0x0000000707e00000| Untracked |  0
|  47|0x0000000708000000, 0x0000000708000000, 0x0000000708200000|  0%| F|  |TAMS 0x0000000708000000| PB 0x0000000708000000| Untracked |  0
|  48|0x0000000708200000, 0x0000000708200000, 0x0000000708400000|  0%| F|  |TAMS 0x0000000708200000| PB 0x0000000708200000| Untracked |  0
|  49|0x0000000708400000, 0x0000000708400000, 0x0000000708600000|  0%| F|  |TAMS 0x0000000708400000| PB 0x0000000708400000| Untracked |  0
|  50|0x0000000708600000, 0x0000000708680ef0, 0x0000000708800000| 25%| E|  |TAMS 0x0000000708600000| PB 0x0000000708600000| Complete |  0
|  51|0x0000000708800000, 0x0000000708a00000, 0x0000000708a00000|100%| E|CS|TAMS 0x0000000708800000| PB 0x0000000708800000| Complete |  0
|  52|0x0000000708a00000, 0x0000000708c00000, 0x0000000708c00000|100%| E|CS|TAMS 0x0000000708a00000| PB 0x0000000708a00000| Complete |  0
|  53|0x0000000708c00000, 0x0000000708e00000, 0x0000000708e00000|100%| E|CS|TAMS 0x0000000708c00000| PB 0x0000000708c00000| Complete |  0
|  54|0x0000000708e00000, 0x0000000709000000, 0x0000000709000000|100%| E|CS|TAMS 0x0000000708e00000| PB 0x0000000708e00000| Complete |  0
|  55|0x0000000709000000, 0x0000000709200000, 0x0000000709200000|100%| E|CS|TAMS 0x0000000709000000| PB 0x0000000709000000| Complete |  0
|  56|0x0000000709200000, 0x0000000709400000, 0x0000000709400000|100%| E|CS|TAMS 0x0000000709200000| PB 0x0000000709200000| Complete |  0
|  57|0x0000000709400000, 0x0000000709600000, 0x0000000709600000|100%| E|CS|TAMS 0x0000000709400000| PB 0x0000000709400000| Complete |  0
|  58|0x0000000709600000, 0x0000000709800000, 0x0000000709800000|100%| E|CS|TAMS 0x0000000709600000| PB 0x0000000709600000| Complete |  0
|  59|0x0000000709800000, 0x0000000709a00000, 0x0000000709a00000|100%| E|CS|TAMS 0x0000000709800000| PB 0x0000000709800000| Complete |  0
|  60|0x0000000709a00000, 0x0000000709c00000, 0x0000000709c00000|100%| E|CS|TAMS 0x0000000709a00000| PB 0x0000000709a00000| Complete |  0
|  61|0x0000000709c00000, 0x0000000709e00000, 0x0000000709e00000|100%| E|CS|TAMS 0x0000000709c00000| PB 0x0000000709c00000| Complete |  0
|  62|0x0000000709e00000, 0x000000070a000000, 0x000000070a000000|100%| E|CS|TAMS 0x0000000709e00000| PB 0x0000000709e00000| Complete |  0
|  63|0x000000070a000000, 0x000000070a200000, 0x000000070a200000|100%| E|CS|TAMS 0x000000070a000000| PB 0x000000070a000000| Complete |  0
|  64|0x000000070a200000, 0x000000070a400000, 0x000000070a400000|100%| E|CS|TAMS 0x000000070a200000| PB 0x000000070a200000| Complete |  0
|  65|0x000000070a400000, 0x000000070a600000, 0x000000070a600000|100%| E|CS|TAMS 0x000000070a400000| PB 0x000000070a400000| Complete |  0
|  66|0x000000070a600000, 0x000000070a800000, 0x000000070a800000|100%| E|CS|TAMS 0x000000070a600000| PB 0x000000070a600000| Complete |  0
|  67|0x000000070a800000, 0x000000070aa00000, 0x000000070aa00000|100%| E|CS|TAMS 0x000000070a800000| PB 0x000000070a800000| Complete |  0
|  68|0x000000070aa00000, 0x000000070ac00000, 0x000000070ac00000|100%| E|CS|TAMS 0x000000070aa00000| PB 0x000000070aa00000| Complete |  0
|  69|0x000000070ac00000, 0x000000070ae00000, 0x000000070ae00000|100%| E|CS|TAMS 0x000000070ac00000| PB 0x000000070ac00000| Complete |  0
|  70|0x000000070ae00000, 0x000000070b000000, 0x000000070b000000|100%| E|CS|TAMS 0x000000070ae00000| PB 0x000000070ae00000| Complete |  0
|  71|0x000000070b000000, 0x000000070b200000, 0x000000070b200000|100%| E|CS|TAMS 0x000000070b000000| PB 0x000000070b000000| Complete |  0
|  97|0x000000070e400000, 0x000000070e600000, 0x000000070e600000|100%| E|CS|TAMS 0x000000070e400000| PB 0x000000070e400000| Complete |  0
|  98|0x000000070e600000, 0x000000070e800000, 0x000000070e800000|100%| E|CS|TAMS 0x000000070e600000| PB 0x000000070e600000| Complete |  0
|  99|0x000000070e800000, 0x000000070ea00000, 0x000000070ea00000|100%| E|CS|TAMS 0x000000070e800000| PB 0x000000070e800000| Complete |  0
| 100|0x000000070ea00000, 0x000000070ec00000, 0x000000070ec00000|100%| E|CS|TAMS 0x000000070ea00000| PB 0x000000070ea00000| Complete |  0
| 126|0x0000000711e00000, 0x0000000712000000, 0x0000000712000000|100%| E|CS|TAMS 0x0000000711e00000| PB 0x0000000711e00000| Complete |  0

Card table byte_map: [0x000001d466190000,0x000001d466980000] _byte_map_base: 0x000001d46297f000

Marking Bits: (CMBitMap*) 0x000001d44de974e0
 Bits: [0x000001d466980000, 0x000001d46a8f8000)

Polling page: 0x000001d44d5f0000

Metaspace:

Usage:
  Non-class:     60.46 MB used.
      Class:      9.63 MB used.
       Both:     70.09 MB used.

Virtual space:
  Non-class space:       64.00 MB reserved,      60.88 MB ( 95%) committed,  1 nodes.
      Class space:        1.00 GB reserved,       9.94 MB ( <1%) committed,  1 nodes.
             Both:        1.06 GB reserved,      70.81 MB (  7%) committed. 

Chunk freelists:
   Non-Class:  3.16 MB
       Class:  6.06 MB
        Both:  9.22 MB

MaxMetaspaceSize: unlimited
CompressedClassSpaceSize: 1.00 GB
Initial GC threshold: 21.00 MB
Current GC threshold: 109.00 MB
CDS: on
 - commit_granule_bytes: 65536.
 - commit_granule_words: 8192.
 - virtual_space_node_default_size: 8388608.
 - enlarge_chunks_in_place: 1.
 - use_allocation_guard: 0.


Internal statistics:

num_allocs_failed_limit: 6.
num_arena_births: 1000.
num_arena_deaths: 0.
num_vsnodes_births: 2.
num_vsnodes_deaths: 0.
num_space_committed: 1133.
num_space_uncommitted: 0.
num_chunks_returned_to_freelist: 6.
num_chunks_taken_from_freelist: 3527.
num_chunk_merges: 6.
num_chunk_splits: 2485.
num_chunks_enlarged: 1881.
num_inconsistent_stats: 0.

CodeHeap 'non-profiled nmethods': size=120064Kb used=3644Kb max_used=3644Kb free=116419Kb
 bounds [0x000001d45e020000, 0x000001d45e3b0000, 0x000001d465560000]
CodeHeap 'profiled nmethods': size=120000Kb used=10068Kb max_used=10149Kb free=109931Kb
 bounds [0x000001d456560000, 0x000001d456f50000, 0x000001d45da90000]
CodeHeap 'non-nmethods': size=5696Kb used=1746Kb max_used=1827Kb free=3949Kb
 bounds [0x000001d45da90000, 0x000001d45dd00000, 0x000001d45e020000]
CodeCache: size=245760Kb, used=15458Kb, max_used=15620Kb, free=230299Kb
 total_blobs=7493, nmethods=6716, adapters=681, full_count=0
Compilation: enabled, stopped_count=0, restarted_count=0

Compilation events (20 events):
Event: 139.949 Thread 0x000001d46d3e3120 nmethod 7769 0x000001d4566ab008 code [0x000001d4566ab1a0, 0x000001d4566ab8a0]
Event: 139.949 Thread 0x000001d46d3e3120 7770       3       java.util.Collections$UnmodifiableSet::equals (24 bytes)
Event: 139.949 Thread 0x000001d46d3e3120 nmethod 7770 0x000001d456589e88 code [0x000001d456589fc0, 0x000001d45658a210]
Event: 140.404 Thread 0x000001d46d3e3120 7772       3       java.lang.invoke.LambdaForm$NamedFunction::<init> (15 bytes)
Event: 140.405 Thread 0x000001d46d3e3120 nmethod 7772 0x000001d4566aac88 code [0x000001d4566aada0, 0x000001d4566aafd0]
Event: 140.409 Thread 0x000001d46d3e3120 7773       3       sun.nio.ch.IOStatus::okayToRetry (22 bytes)
Event: 140.409 Thread 0x000001d46d3e3120 nmethod 7773 0x000001d4568ef608 code [0x000001d4568ef720, 0x000001d4568ef898]
Event: 140.433 Thread 0x000001d46d3e3120 7778       3       java.lang.invoke.DirectMethodHandle$Holder::invokeStatic (26 bytes)
Event: 140.433 Thread 0x000001d46d3e3120 nmethod 7778 0x000001d456589788 code [0x000001d4565898c0, 0x000001d456589e20]
Event: 140.433 Thread 0x000001d46d3e3120 7779       3       java.lang.invoke.BoundMethodHandle$Species_LLLLL::make (18 bytes)
Event: 140.433 Thread 0x000001d46d3e3120 nmethod 7779 0x000001d456589488 code [0x000001d4565895a0, 0x000001d456589768]
Event: 140.457 Thread 0x000001d46d3dc1f0 7781 %     4       java.util.Properties$LineReader::readLine @ 293 (584 bytes)
Event: 140.457 Thread 0x000001d46d3e3120 7782       3       java.util.logging.LogManager$LoggerContext::getGlobalLogger (6 bytes)
Event: 140.457 Thread 0x000001d46d3e3120 nmethod 7782 0x000001d456589188 code [0x000001d4565892a0, 0x000001d4565893b8]
Event: 140.461 Thread 0x000001d46d3e3120 7783       3       ch.qos.logback.core.pattern.DynamicConverter::getFirstOption (35 bytes)
Event: 140.461 Thread 0x000001d46d3e3120 nmethod 7783 0x000001d456588b88 code [0x000001d456588ce0, 0x000001d4565890f8]
Event: 140.461 Thread 0x000001d46d3e3120 7784       3       ch.qos.logback.core.pattern.CompositeConverter::convert (43 bytes)
Event: 140.461 Thread 0x000001d46d3e3120 nmethod 7784 0x000001d456588308 code [0x000001d4565884a0, 0x000001d456588ad8]
Event: 140.467 Thread 0x000001d46d3e3120 7785   !   3       org.springframework.util.ClassUtils::isPresent (31 bytes)
Event: 140.467 Thread 0x000001d46d3e3120 nmethod 7785 0x000001d456587d88 code [0x000001d456587ee0, 0x000001d456588288]

GC Heap History (20 events):
Event: 3.671 GC heap before
{Heap before GC invocations=6 (full 0):
 garbage-first heap   total reserved 4159488K, committed 55296K, used 42307K [0x0000000702200000, 0x0000000800000000)
  region size 2048K, 14 young (28672K), 2 survivors (4096K)
 Metaspace       used 31283K, committed 31808K, reserved 1114112K
  class space    used 4045K, committed 4288K, reserved 1048576K
}
Event: 3.676 GC heap after
{Heap after GC invocations=7 (full 0):
 garbage-first heap   total reserved 4159488K, committed 55296K, used 19551K [0x0000000702200000, 0x0000000800000000)
  region size 2048K, 2 young (4096K), 2 survivors (4096K)
 Metaspace       used 31283K, committed 31808K, reserved 1114112K
  class space    used 4045K, committed 4288K, reserved 1048576K
}
Event: 4.175 GC heap before
{Heap before GC invocations=7 (full 0):
 garbage-first heap   total reserved 4159488K, committed 55296K, used 37983K [0x0000000702200000, 0x0000000800000000)
  region size 2048K, 12 young (24576K), 2 survivors (4096K)
 Metaspace       used 35448K, committed 35968K, reserved 1114112K
  class space    used 4638K, committed 4864K, reserved 1048576K
}
Event: 4.181 GC heap after
{Heap after GC invocations=8 (full 0):
 garbage-first heap   total reserved 4159488K, committed 55296K, used 21445K [0x0000000702200000, 0x0000000800000000)
  region size 2048K, 1 young (2048K), 1 survivors (2048K)
 Metaspace       used 35448K, committed 35968K, reserved 1114112K
  class space    used 4638K, committed 4864K, reserved 1048576K
}
Event: 4.737 GC heap before
{Heap before GC invocations=9 (full 0):
 garbage-first heap   total reserved 4159488K, committed 55296K, used 43973K [0x0000000702200000, 0x0000000800000000)
  region size 2048K, 12 young (24576K), 1 survivors (2048K)
 Metaspace       used 41344K, committed 41920K, reserved 1114112K
  class space    used 5533K, committed 5760K, reserved 1048576K
}
Event: 4.739 GC heap after
{Heap after GC invocations=10 (full 0):
 garbage-first heap   total reserved 4159488K, committed 55296K, used 22798K [0x0000000702200000, 0x0000000800000000)
  region size 2048K, 2 young (4096K), 2 survivors (4096K)
 Metaspace       used 41344K, committed 41920K, reserved 1114112K
  class space    used 5533K, committed 5760K, reserved 1048576K
}
Event: 5.543 GC heap before
{Heap before GC invocations=10 (full 0):
 garbage-first heap   total reserved 4159488K, committed 55296K, used 45326K [0x0000000702200000, 0x0000000800000000)
  region size 2048K, 13 young (26624K), 2 survivors (4096K)
 Metaspace       used 49994K, committed 50496K, reserved 1114112K
  class space    used 6656K, committed 6848K, reserved 1048576K
}
Event: 5.548 GC heap after
{Heap after GC invocations=11 (full 0):
 garbage-first heap   total reserved 4159488K, committed 55296K, used 24963K [0x0000000702200000, 0x0000000800000000)
  region size 2048K, 2 young (4096K), 2 survivors (4096K)
 Metaspace       used 49994K, committed 50496K, reserved 1114112K
  class space    used 6656K, committed 6848K, reserved 1048576K
}
Event: 5.946 GC heap before
{Heap before GC invocations=11 (full 0):
 garbage-first heap   total reserved 4159488K, committed 55296K, used 45443K [0x0000000702200000, 0x0000000800000000)
  region size 2048K, 12 young (24576K), 2 survivors (4096K)
 Metaspace       used 56077K, committed 56704K, reserved 1114112K
  class space    used 7545K, committed 7808K, reserved 1048576K
}
Event: 5.950 GC heap after
{Heap after GC invocations=12 (full 0):
 garbage-first heap   total reserved 4159488K, committed 55296K, used 26514K [0x0000000702200000, 0x0000000800000000)
  region size 2048K, 1 young (2048K), 1 survivors (2048K)
 Metaspace       used 56077K, committed 56704K, reserved 1114112K
  class space    used 7545K, committed 7808K, reserved 1048576K
}
Event: 6.300 GC heap before
{Heap before GC invocations=12 (full 0):
 garbage-first heap   total reserved 4159488K, committed 55296K, used 44946K [0x0000000702200000, 0x0000000800000000)
  region size 2048K, 11 young (22528K), 1 survivors (2048K)
 Metaspace       used 58953K, committed 59584K, reserved 1114112K
  class space    used 8016K, committed 8320K, reserved 1048576K
}
Event: 6.303 GC heap after
{Heap after GC invocations=13 (full 0):
 garbage-first heap   total reserved 4159488K, committed 55296K, used 26880K [0x0000000702200000, 0x0000000800000000)
  region size 2048K, 1 young (2048K), 1 survivors (2048K)
 Metaspace       used 58953K, committed 59584K, reserved 1114112K
  class space    used 8016K, committed 8320K, reserved 1048576K
}
Event: 6.762 GC heap before
{Heap before GC invocations=14 (full 0):
 garbage-first heap   total reserved 4159488K, committed 55296K, used 47360K [0x0000000702200000, 0x0000000800000000)
  region size 2048K, 11 young (22528K), 1 survivors (2048K)
 Metaspace       used 62715K, committed 63424K, reserved 1114112K
  class space    used 8590K, committed 8896K, reserved 1048576K
}
Event: 6.766 GC heap after
{Heap after GC invocations=15 (full 0):
 garbage-first heap   total reserved 4159488K, committed 55296K, used 28360K [0x0000000702200000, 0x0000000800000000)
  region size 2048K, 2 young (4096K), 2 survivors (4096K)
 Metaspace       used 62715K, committed 63424K, reserved 1114112K
  class space    used 8590K, committed 8896K, reserved 1048576K
}
Event: 7.208 GC heap before
{Heap before GC invocations=15 (full 0):
 garbage-first heap   total reserved 4159488K, committed 55296K, used 44744K [0x0000000702200000, 0x0000000800000000)
  region size 2048K, 10 young (20480K), 2 survivors (4096K)
 Metaspace       used 65546K, committed 66240K, reserved 1114112K
  class space    used 8973K, committed 9280K, reserved 1048576K
}
Event: 7.213 GC heap after
{Heap after GC invocations=16 (full 0):
 garbage-first heap   total reserved 4159488K, committed 55296K, used 29385K [0x0000000702200000, 0x0000000800000000)
  region size 2048K, 2 young (4096K), 2 survivors (4096K)
 Metaspace       used 65546K, committed 66240K, reserved 1114112K
  class space    used 8973K, committed 9280K, reserved 1048576K
}
Event: 7.431 GC heap before
{Heap before GC invocations=16 (full 0):
 garbage-first heap   total reserved 4159488K, committed 55296K, used 45769K [0x0000000702200000, 0x0000000800000000)
  region size 2048K, 10 young (20480K), 2 survivors (4096K)
 Metaspace       used 66195K, committed 66880K, reserved 1114112K
  class space    used 9045K, committed 9344K, reserved 1048576K
}
Event: 7.436 GC heap after
{Heap after GC invocations=17 (full 0):
 garbage-first heap   total reserved 4159488K, committed 55296K, used 30189K [0x0000000702200000, 0x0000000800000000)
  region size 2048K, 2 young (4096K), 2 survivors (4096K)
 Metaspace       used 66195K, committed 66880K, reserved 1114112K
  class space    used 9045K, committed 9344K, reserved 1048576K
}
Event: 7.686 GC heap before
{Heap before GC invocations=18 (full 0):
 garbage-first heap   total reserved 4159488K, committed 55296K, used 44525K [0x0000000702200000, 0x0000000800000000)
  region size 2048K, 9 young (18432K), 2 survivors (4096K)
 Metaspace       used 67350K, committed 68032K, reserved 1114112K
  class space    used 9235K, committed 9536K, reserved 1048576K
}
Event: 7.689 GC heap after
{Heap after GC invocations=19 (full 0):
 garbage-first heap   total reserved 4159488K, committed 157696K, used 30843K [0x0000000702200000, 0x0000000800000000)
  region size 2048K, 1 young (2048K), 1 survivors (2048K)
 Metaspace       used 67350K, committed 68032K, reserved 1114112K
  class space    used 9235K, committed 9536K, reserved 1048576K
}

Dll operation events (14 events):
Event: 0.010 Loaded shared library C:\Users\i n f i n i t y\.jdks\openjdk-23.0.1\bin\java.dll
Event: 0.048 Loaded shared library C:\Users\i n f i n i t y\.jdks\openjdk-23.0.1\bin\jsvml.dll
Event: 0.149 Loaded shared library C:\Users\i n f i n i t y\.jdks\openjdk-23.0.1\bin\zip.dll
Event: 0.153 Loaded shared library C:\Users\i n f i n i t y\.jdks\openjdk-23.0.1\bin\instrument.dll
Event: 0.159 Loaded shared library C:\Users\i n f i n i t y\.jdks\openjdk-23.0.1\bin\net.dll
Event: 0.160 Loaded shared library C:\Users\i n f i n i t y\.jdks\openjdk-23.0.1\bin\nio.dll
Event: 0.163 Loaded shared library C:\Users\i n f i n i t y\.jdks\openjdk-23.0.1\bin\zip.dll
Event: 0.256 Loaded shared library C:\Users\i n f i n i t y\AppData\Local\JetBrains\IntelliJ IDEA Community Edition 2023.3.6\bin\breakgen64.dll
Event: 0.267 Loaded shared library C:\Users\i n f i n i t y\.jdks\openjdk-23.0.1\bin\extnet.dll
Event: 0.297 Loaded shared library C:\Users\i n f i n i t y\.jdks\openjdk-23.0.1\bin\jimage.dll
Event: 0.602 Loaded shared library C:\Users\i n f i n i t y\.jdks\openjdk-23.0.1\bin\management.dll
Event: 0.610 Loaded shared library C:\Users\i n f i n i t y\.jdks\openjdk-23.0.1\bin\management_ext.dll
Event: 1.603 Loaded shared library C:\Users\i n f i n i t y\.jdks\openjdk-23.0.1\bin\sunmscapi.dll
Event: 4.367 Loaded shared library C:\Users\i n f i n i t y\.jdks\openjdk-23.0.1\bin\verify.dll

Deoptimization events (20 events):
Event: 8.474 Thread 0x000001d445c49250 DEOPT PACKING pc=0x000001d45668157e sp=0x00000067205fe5f0
Event: 8.474 Thread 0x000001d445c49250 DEOPT UNPACKING pc=0x000001d45dae4b22 sp=0x00000067205fdac8 mode 0
Event: 8.478 Thread 0x000001d445c49250 Uncommon trap: trap_request=0xffffffde fr.pc=0x000001d45e374b20 relative=0x00000000000047c0
Event: 8.478 Thread 0x000001d445c49250 Uncommon trap: reason=class_check action=maybe_recompile pc=0x000001d45e374b20 method=org.springframework.core.ResolvableType.resolveType()Lorg/springframework/core/ResolvableType; @ 44 c2
Event: 8.478 Thread 0x000001d445c49250 DEOPT PACKING pc=0x000001d45e374b20 sp=0x00000067205fe1e0
Event: 8.478 Thread 0x000001d445c49250 DEOPT UNPACKING pc=0x000001d45dae4402 sp=0x00000067205fe210 mode 2
Event: 8.478 Thread 0x000001d445c49250 Uncommon trap: trap_request=0xffffffde fr.pc=0x000001d45e374b20 relative=0x00000000000047c0
Event: 8.478 Thread 0x000001d445c49250 Uncommon trap: reason=class_check action=maybe_recompile pc=0x000001d45e374b20 method=org.springframework.core.ResolvableType.resolveType()Lorg/springframework/core/ResolvableType; @ 44 c2
Event: 8.478 Thread 0x000001d445c49250 DEOPT PACKING pc=0x000001d45e374b20 sp=0x00000067205fe2f0
Event: 8.478 Thread 0x000001d445c49250 DEOPT UNPACKING pc=0x000001d45dae4402 sp=0x00000067205fe318 mode 2
Event: 8.479 Thread 0x000001d445c49250 Uncommon trap: trap_request=0xffffffde fr.pc=0x000001d45e374b20 relative=0x00000000000047c0
Event: 8.479 Thread 0x000001d445c49250 Uncommon trap: reason=class_check action=maybe_recompile pc=0x000001d45e374b20 method=org.springframework.core.ResolvableType.resolveType()Lorg/springframework/core/ResolvableType; @ 44 c2
Event: 8.479 Thread 0x000001d445c49250 DEOPT PACKING pc=0x000001d45e374b20 sp=0x00000067205fe2f0
Event: 8.479 Thread 0x000001d445c49250 DEOPT UNPACKING pc=0x000001d45dae4402 sp=0x00000067205fe318 mode 2
Event: 8.479 Thread 0x000001d445c49250 Uncommon trap: trap_request=0xffffffde fr.pc=0x000001d45e374b20 relative=0x00000000000047c0
Event: 8.479 Thread 0x000001d445c49250 Uncommon trap: reason=class_check action=maybe_recompile pc=0x000001d45e374b20 method=org.springframework.core.ResolvableType.resolveType()Lorg/springframework/core/ResolvableType; @ 44 c2
Event: 8.479 Thread 0x000001d445c49250 DEOPT PACKING pc=0x000001d45e374b20 sp=0x00000067205fe250
Event: 8.479 Thread 0x000001d445c49250 DEOPT UNPACKING pc=0x000001d45dae4402 sp=0x00000067205fe280 mode 2
Event: 8.482 Thread 0x000001d445c49250 DEOPT PACKING pc=0x000001d456b7174b sp=0x00000067205fe1c0
Event: 8.482 Thread 0x000001d445c49250 DEOPT UNPACKING pc=0x000001d45dae4b22 sp=0x00000067205fd760 mode 0

Classes loaded (20 events):
Event: 140.401 Loading class java/nio/channels/WritePendingException
Event: 140.401 Loading class java/nio/channels/WritePendingException done
Event: 140.406 Loading class java/util/concurrent/Semaphore
Event: 140.406 Loading class java/util/concurrent/Semaphore done
Event: 140.407 Loading class java/util/concurrent/Semaphore$NonfairSync
Event: 140.407 Loading class java/util/concurrent/Semaphore$Sync
Event: 140.407 Loading class java/util/concurrent/Semaphore$Sync done
Event: 140.407 Loading class java/util/concurrent/Semaphore$NonfairSync done
Event: 140.407 Loading class sun/nio/ch/SocketAdaptor
Event: 140.407 Loading class sun/nio/ch/SocketAdaptor done
Event: 140.408 Loading class sun/nio/ch/SocketChannelImpl$DefaultOptionsHolder
Event: 140.408 Loading class sun/nio/ch/SocketChannelImpl$DefaultOptionsHolder done
Event: 140.409 Loading class sun/nio/ch/SelectionKeyImpl
Event: 140.409 Loading class java/nio/channels/spi/AbstractSelectionKey
Event: 140.409 Loading class java/nio/channels/SelectionKey
Event: 140.409 Loading class java/nio/channels/SelectionKey done
Event: 140.409 Loading class java/nio/channels/spi/AbstractSelectionKey done
Event: 140.409 Loading class sun/nio/ch/SelectionKeyImpl done
Event: 140.409 Loading class java/lang/invoke/ConstantBootstraps
Event: 140.409 Loading class java/lang/invoke/ConstantBootstraps done

Classes unloaded (0 events):
No events

Classes redefined (0 events):
No events

Internal exceptions (20 events):
Event: 6.640 Thread 0x000001d445c49250 Implicit null exception at 0x000001d45e2e2080 to 0x000001d45e2e22f4
Event: 6.658 Thread 0x000001d445c49250 Exception <a 'java/lang/IncompatibleClassChangeError'{0x0000000704651258}: Found class java.lang.Object, but interface was expected> (0x0000000704651258) 
thrown [s\open\src\hotspot\share\interpreter\linkResolver.cpp, line 863]
Event: 6.768 Thread 0x000001d445c49250 Exception <a 'java/lang/IncompatibleClassChangeError'{0x0000000711e1da60}: Found class java.lang.Object, but interface was expected> (0x0000000711e1da60) 
thrown [s\open\src\hotspot\share\interpreter\linkResolver.cpp, line 863]
Event: 6.960 Thread 0x000001d445c49250 Exception <a 'java/lang/IncompatibleClassChangeError'{0x000000070e914770}: Found class java.lang.Object, but interface was expected> (0x000000070e914770) 
thrown [s\open\src\hotspot\share\interpreter\linkResolver.cpp, line 863]
Event: 6.961 Thread 0x000001d445c49250 Exception <a 'java/lang/IncompatibleClassChangeError'{0x000000070e91a0a0}: Found class java.lang.Object, but interface was expected> (0x000000070e91a0a0) 
thrown [s\open\src\hotspot\share\interpreter\linkResolver.cpp, line 863]
Event: 7.085 Thread 0x000001d445c49250 Exception <a 'java/lang/NoSuchMethodError'{0x0000000704ce0370}: 'long java.lang.invoke.DirectMethodHandle$Holder.invokeVirtual(java.lang.Object, java.lang.Object)'> (0x0000000704ce0370) 
thrown [s\open\src\hotspot\share\interpreter\linkResolver.cpp, line 796]
Event: 7.092 Thread 0x000001d445c49250 Exception <a 'java/io/FileNotFoundException'{0x0000000704d08338}> (0x0000000704d08338) 
thrown [s\open\src\hotspot\share\prims\jni.cpp, line 520]
Event: 7.122 Thread 0x000001d445c49250 Exception <a 'java/lang/NoSuchMethodError'{0x0000000704a24118}: 'void java.lang.invoke.DirectMethodHandle$Holder.invokeVirtual(java.lang.Object, java.lang.Object, long)'> (0x0000000704a24118) 
thrown [s\open\src\hotspot\share\interpreter\linkResolver.cpp, line 796]
Event: 7.140 Thread 0x000001d445c49250 Exception <a 'java/lang/NoSuchMethodError'{0x0000000704b67808}: 'void java.lang.invoke.Invokers$Holder.invokeExact_MT(java.lang.Object, java.lang.Object, java.lang.Object, java.lang.Object)'> (0x0000000704b67808) 
thrown [s\open\src\hotspot\share\interpreter\linkResolver.cpp, line 796]
Event: 7.346 Thread 0x000001d445c49250 Exception <a 'java/lang/NoSuchMethodError'{0x000000070e471c30}: 'java.lang.Object java.lang.invoke.DirectMethodHandle$Holder.invokeInterface(java.lang.Object, java.lang.Object, int)'> (0x000000070e471c30) 
thrown [s\open\src\hotspot\share\interpreter\linkResolver.cpp, line 796]
Event: 7.578 Thread 0x000001d445c49250 Exception <a 'java/lang/NoSuchMethodError'{0x000000070e40d788}: 'java.lang.Object java.lang.invoke.DirectMethodHandle$Holder.newInvokeSpecial(java.lang.Object, java.lang.Object, java.lang.Object, java.lang.Object, java.lang.Object, java.lang.Object, java.lang.Object, java.lang.Object)'> (0x000000070e40d788) 
thrown [s\open\src\hotspot\share\interpreter\linkResolver.cpp, line 796]
Event: 7.948 Thread 0x000001d445c49250 Exception <a 'java/lang/IncompatibleClassChangeError'{0x000000070ae44360}: Found class java.lang.Object, but interface was expected> (0x000000070ae44360) 
thrown [s\open\src\hotspot\share\interpreter\linkResolver.cpp, line 863]
Event: 8.163 Thread 0x000001d445c49250 Exception <a 'java/lang/NoSuchMethodError'{0x000000070a7bfa08}: 'int java.lang.invoke.DirectMethodHandle$Holder.invokeStaticInit(java.lang.Object, java.lang.Object, java.lang.Object, java.lang.Object)'> (0x000000070a7bfa08) 
thrown [s\open\src\hotspot\share\interpreter\linkResolver.cpp, line 796]
Event: 8.212 Thread 0x000001d445c49250 Exception <a 'java/lang/IncompatibleClassChangeError'{0x000000070a25e200}: Found class java.lang.Object, but interface was expected> (0x000000070a25e200) 
thrown [s\open\src\hotspot\share\interpreter\linkResolver.cpp, line 863]
Event: 8.227 Thread 0x000001d445c49250 Implicit null exception at 0x000001d45e16ada4 to 0x000001d45e16ae24
Event: 8.432 Thread 0x000001d445c49250 Exception <a 'java/lang/NoSuchMethodError'{0x00000007098b6a10}: 'java.lang.Object java.lang.invoke.DirectMethodHandle$Holder.newInvokeSpecial(java.lang.Object, java.lang.Object, int, java.lang.Object, java.lang.Object)'> (0x00000007098b6a10) 
thrown [s\open\src\hotspot\share\interpreter\linkResolver.cpp, line 796]
Event: 140.404 Thread 0x000001d46dab82f0 Exception <a 'java/lang/NoSuchMethodError'{0x00000007095ef8f0}: 'java.lang.Object java.lang.invoke.DirectMethodHandle$Holder.invokeStatic(java.lang.Object, java.lang.Object, java.lang.Object, int, int)'> (0x00000007095ef8f0) 
thrown [s\open\src\hotspot\share\interpreter\linkResolver.cpp, line 796]
Event: 140.405 Thread 0x000001d46dab82f0 Exception <a 'java/lang/NoSuchMethodError'{0x00000007095f3060}: 'java.lang.Object java.lang.invoke.DirectMethodHandle$Holder.invokeStaticInit(java.lang.Object, java.lang.Object, java.lang.Object, int, int)'> (0x00000007095f3060) 
thrown [s\open\src\hotspot\share\interpreter\linkResolver.cpp, line 796]
Event: 140.433 Thread 0x000001d4462b7db0 Exception <a 'java/lang/NoSuchMethodError'{0x00000007099d8088}: 'java.lang.Object java.lang.invoke.DirectMethodHandle$Holder.invokeSpecial(java.lang.Object, java.lang.Object, java.lang.Object, java.lang.Object, java.lang.Object, long)'> (0x00000007099d8088) 
thrown [s\open\src\hotspot\share\interpreter\linkResolver.cpp, line 796]
Event: 140.433 Thread 0x000001d4462b7db0 Exception <a 'java/lang/NoSuchMethodError'{0x00000007088ecf80}: 'java.lang.Object java.lang.invoke.Invokers$Holder.linkToTargetMethod(java.lang.Object, java.lang.Object, java.lang.Object, long, java.lang.Object)'> (0x00000007088ecf80) 
thrown [s\open\src\hotspot\share\interpreter\linkResolver.cpp, line 796]

VM Operations (20 events):
Event: 7.765 Executing VM operation: HandshakeAllThreads (Deoptimize)
Event: 7.766 Executing VM operation: HandshakeAllThreads (Deoptimize) done
Event: 7.793 Executing VM operation: HandshakeAllThreads (Deoptimize)
Event: 7.793 Executing VM operation: HandshakeAllThreads (Deoptimize) done
Event: 7.795 Executing VM operation: HandshakeAllThreads (Deoptimize)
Event: 7.795 Executing VM operation: HandshakeAllThreads (Deoptimize) done
Event: 7.963 Executing VM operation: HandshakeAllThreads (Deoptimize)
Event: 7.964 Executing VM operation: HandshakeAllThreads (Deoptimize) done
Event: 8.136 Executing VM operation: HandshakeAllThreads (Deoptimize)
Event: 8.136 Executing VM operation: HandshakeAllThreads (Deoptimize) done
Event: 8.313 Executing VM operation: HandshakeAllThreads (Deoptimize)
Event: 8.313 Executing VM operation: HandshakeAllThreads (Deoptimize) done
Event: 8.430 Executing VM operation: HandshakeAllThreads (Deoptimize)
Event: 8.430 Executing VM operation: HandshakeAllThreads (Deoptimize) done
Event: 60.145 Executing VM operation: HandshakeAllThreads (HandshakeForDeflation)
Event: 60.146 Executing VM operation: HandshakeAllThreads (HandshakeForDeflation) done
Event: 60.146 Executing VM operation: RendezvousGCThreads
Event: 60.146 Executing VM operation: RendezvousGCThreads done
Event: 140.445 Executing VM operation: HandshakeAllThreads (Deoptimize)
Event: 140.445 Executing VM operation: HandshakeAllThreads (Deoptimize) done

Memory protections (0 events):
No events

Nmethod flushes (20 events):
Event: 7.474 Thread 0x000001d46d3ad4e0 flushing  nmethod 0x000001d456de5a88
Event: 7.474 Thread 0x000001d46d3ad4e0 flushing  nmethod 0x000001d456de5d88
Event: 7.474 Thread 0x000001d46d3ad4e0 flushing  nmethod 0x000001d456de6e08
Event: 7.474 Thread 0x000001d46d3ad4e0 flushing  nmethod 0x000001d456e30d08
Event: 7.474 Thread 0x000001d46d3ad4e0 flushing  nmethod 0x000001d456e31908
Event: 7.474 Thread 0x000001d46d3ad4e0 flushing  nmethod 0x000001d456e33508
Event: 7.474 Thread 0x000001d46d3ad4e0 flushing  nmethod 0x000001d456e33808
Event: 7.474 Thread 0x000001d46d3ad4e0 flushing  nmethod 0x000001d456e33f88
Event: 7.474 Thread 0x000001d46d3ad4e0 flushing  nmethod 0x000001d456e34c08
Event: 7.474 Thread 0x000001d46d3ad4e0 flushing  nmethod 0x000001d456e35088
Event: 7.474 Thread 0x000001d46d3ad4e0 flushing  nmethod 0x000001d456e35b08
Event: 7.474 Thread 0x000001d46d3ad4e0 flushing  nmethod 0x000001d456e36f88
Event: 7.474 Thread 0x000001d46d3ad4e0 flushing  nmethod 0x000001d456e37b88
Event: 7.474 Thread 0x000001d46d3ad4e0 flushing  nmethod 0x000001d456e38a08
Event: 7.474 Thread 0x000001d46d3ad4e0 flushing  nmethod 0x000001d456e3b108
Event: 7.474 Thread 0x000001d46d3ad4e0 flushing  nmethod 0x000001d456e3b488
Event: 7.474 Thread 0x000001d46d3ad4e0 flushing  nmethod 0x000001d456e3b788
Event: 7.474 Thread 0x000001d46d3ad4e0 flushing  nmethod 0x000001d456e3bf88
Event: 7.474 Thread 0x000001d46d3ad4e0 flushing  nmethod 0x000001d456e3c888
Event: 7.474 Thread 0x000001d46d3ad4e0 flushing  nmethod 0x000001d456e52b08

Events (20 events):
Event: 8.413 Thread 0x000001d445c49250 Thread added: 0x000001d4462b2860
Event: 8.443 Thread 0x000001d445c49250 Thread added: 0x000001d4462b8440
Event: 8.443 Thread 0x000001d445c49250 Thread added: 0x000001d4462b7090
Event: 8.443 Thread 0x000001d445c49250 Thread added: 0x000001d4462b7720
Event: 8.443 Thread 0x000001d445c49250 Thread added: 0x000001d4462b7db0
Event: 8.443 Thread 0x000001d445c49250 Thread added: 0x000001d4462b14b0
Event: 8.443 Thread 0x000001d445c49250 Thread added: 0x000001d4462b2ef0
Event: 8.443 Thread 0x000001d445c49250 Thread added: 0x000001d4462b3580
Event: 8.443 Thread 0x000001d445c49250 Thread added: 0x000001d4486101c0
Event: 8.443 Thread 0x000001d445c49250 Thread added: 0x000001d44860e780
Event: 8.443 Thread 0x000001d445c49250 Thread added: 0x000001d46dab96a0
Event: 8.455 Thread 0x000001d445c49250 Thread added: 0x000001d46dab5b90
Event: 8.457 Thread 0x000001d445c49250 Thread added: 0x000001d46dab82f0
Event: 8.483 Thread 0x000001d445c49250 Thread exited: 0x000001d445c49250
Event: 8.486 Thread 0x000001d445bfde60 Thread exited: 0x000001d445bfde60
Event: 8.486 Thread 0x000001d44bc7eb00 Thread exited: 0x000001d44bc7eb00
Event: 8.486 Thread 0x000001d46dab5500 Thread added: 0x000001d46dab5500
Event: 9.023 Thread 0x000001d4474a9330 Thread exited: 0x000001d4474a9330
Event: 9.023 Thread 0x000001d445387e70 Thread exited: 0x000001d445387e70
Event: 10.757 Thread 0x000001d44860da60 Thread exited: 0x000001d44860da60


Dynamic libraries:
0x00007ff68f6b0000 - 0x00007ff68f6be000 	C:\Users\i n f i n i t y\.jdks\openjdk-23.0.1\bin\java.exe
0x00007ff841730000 - 0x00007ff841928000 	C:\Windows\SYSTEM32\ntdll.dll
0x00007ff83f9c0000 - 0x00007ff83fa82000 	C:\Windows\System32\KERNEL32.DLL
0x00007ff83f320000 - 0x00007ff83f616000 	C:\Windows\System32\KERNELBASE.dll
0x00007ff83f0b0000 - 0x00007ff83f1b0000 	C:\Windows\System32\ucrtbase.dll
0x00007ff82ca70000 - 0x00007ff82ca8b000 	C:\Users\i n f i n i t y\.jdks\openjdk-23.0.1\bin\VCRUNTIME140.dll
0x00007ff82cbe0000 - 0x00007ff82cbf7000 	C:\Users\i n f i n i t y\.jdks\openjdk-23.0.1\bin\jli.dll
0x00007ff840880000 - 0x00007ff840a1d000 	C:\Windows\System32\USER32.dll
0x00007ff83ee90000 - 0x00007ff83eeb2000 	C:\Windows\System32\win32u.dll
0x00007ff82b450000 - 0x00007ff82b6ea000 	C:\Windows\WinSxS\amd64_microsoft.windows.common-controls_6595b64144ccf1df_6.0.19041.5915_none_60b4b9d171f9c7c7\COMCTL32.dll
0x00007ff8416c0000 - 0x00007ff8416eb000 	C:\Windows\System32\GDI32.dll
0x00007ff840b40000 - 0x00007ff840bde000 	C:\Windows\System32\msvcrt.dll
0x00007ff83f1b0000 - 0x00007ff83f2c9000 	C:\Windows\System32\gdi32full.dll
0x00007ff83edc0000 - 0x00007ff83ee5d000 	C:\Windows\System32\msvcp_win.dll
0x00007ff840a30000 - 0x00007ff840a5f000 	C:\Windows\System32\IMM32.DLL
0x00007ff82cb10000 - 0x00007ff82cb1c000 	C:\Users\i n f i n i t y\.jdks\openjdk-23.0.1\bin\vcruntime140_1.dll
0x00007ff810d90000 - 0x00007ff810e1e000 	C:\Users\i n f i n i t y\.jdks\openjdk-23.0.1\bin\msvcp140.dll
0x00007fffc8ad0000 - 0x00007fffc981f000 	C:\Users\i n f i n i t y\.jdks\openjdk-23.0.1\bin\server\jvm.dll
0x00007ff83f860000 - 0x00007ff83f911000 	C:\Windows\System32\ADVAPI32.dll
0x00007ff83f920000 - 0x00007ff83f9bf000 	C:\Windows\System32\sechost.dll
0x00007ff83fe10000 - 0x00007ff83ff33000 	C:\Windows\System32\RPCRT4.dll
0x00007ff83ee60000 - 0x00007ff83ee87000 	C:\Windows\System32\bcrypt.dll
0x00007ff840790000 - 0x00007ff8407fb000 	C:\Windows\System32\WS2_32.dll
0x00007ff83e350000 - 0x00007ff83e39b000 	C:\Windows\SYSTEM32\POWRPROF.dll
0x00007ff83a250000 - 0x00007ff83a25a000 	C:\Windows\SYSTEM32\VERSION.dll
0x00007ff82d630000 - 0x00007ff82d657000 	C:\Windows\SYSTEM32\WINMM.dll
0x00007ff83e1c0000 - 0x00007ff83e1d2000 	C:\Windows\SYSTEM32\UMPDC.dll
0x00007ff83cc40000 - 0x00007ff83cc52000 	C:\Windows\SYSTEM32\kernel.appcore.dll
0x00007ff82bd60000 - 0x00007ff82bd6a000 	C:\Users\i n f i n i t y\.jdks\openjdk-23.0.1\bin\jimage.dll
0x00007ff82bb40000 - 0x00007ff82bd41000 	C:\Windows\SYSTEM32\DBGHELP.DLL
0x00007ff826010000 - 0x00007ff826044000 	C:\Windows\SYSTEM32\dbgcore.DLL
0x00007ff83f020000 - 0x00007ff83f0a2000 	C:\Windows\System32\bcryptPrimitives.dll
0x00007ff826110000 - 0x00007ff82611f000 	C:\Users\i n f i n i t y\.jdks\openjdk-23.0.1\bin\instrument.dll
0x00007ff81fc40000 - 0x00007ff81fc5e000 	C:\Users\i n f i n i t y\.jdks\openjdk-23.0.1\bin\java.dll
0x00007ff83fce0000 - 0x00007ff83fe0b000 	C:\Windows\System32\ole32.dll
0x00007ff841360000 - 0x00007ff8416b3000 	C:\Windows\System32\combase.dll
0x00007ff83ff40000 - 0x00007ff8406ae000 	C:\Windows\System32\SHELL32.dll
0x00007ff83ce40000 - 0x00007ff83d5e4000 	C:\Windows\SYSTEM32\windows.storage.dll
0x00007ff83e7f0000 - 0x00007ff83e81b000 	C:\Windows\SYSTEM32\Wldp.dll
0x00007ff840be0000 - 0x00007ff840cad000 	C:\Windows\System32\OLEAUT32.dll
0x00007ff83f750000 - 0x00007ff83f7fd000 	C:\Windows\System32\SHCORE.dll
0x00007ff840cc0000 - 0x00007ff840d1b000 	C:\Windows\System32\shlwapi.dll
0x00007ff83ecf0000 - 0x00007ff83ed15000 	C:\Windows\SYSTEM32\profapi.dll
0x00007fffef740000 - 0x00007fffef817000 	C:\Users\i n f i n i t y\.jdks\openjdk-23.0.1\bin\jsvml.dll
0x00007ff8190a0000 - 0x00007ff8190b7000 	C:\Users\i n f i n i t y\.jdks\openjdk-23.0.1\bin\zip.dll
0x00007ff82bd50000 - 0x00007ff82bd60000 	C:\Users\i n f i n i t y\.jdks\openjdk-23.0.1\bin\net.dll
0x00007ff83e550000 - 0x00007ff83e5ba000 	C:\Windows\system32\mswsock.dll
0x00007ff81f9f0000 - 0x00007ff81fa06000 	C:\Users\i n f i n i t y\.jdks\openjdk-23.0.1\bin\nio.dll
0x00007ff811bc0000 - 0x00007ff811bda000 	C:\Users\i n f i n i t y\AppData\Local\JetBrains\IntelliJ IDEA Community Edition 2023.3.6\bin\breakgen64.dll
0x00007ff82a8a0000 - 0x00007ff82a8a9000 	C:\Users\i n f i n i t y\.jdks\openjdk-23.0.1\bin\extnet.dll
0x00007ff81fae0000 - 0x00007ff81faea000 	C:\Users\i n f i n i t y\.jdks\openjdk-23.0.1\bin\management.dll
0x00007ff81f9e0000 - 0x00007ff81f9eb000 	C:\Users\i n f i n i t y\.jdks\openjdk-23.0.1\bin\management_ext.dll
0x00007ff840cb0000 - 0x00007ff840cb8000 	C:\Windows\System32\PSAPI.DLL
0x00007ff839980000 - 0x00007ff83998e000 	C:\Users\i n f i n i t y\.jdks\openjdk-23.0.1\bin\sunmscapi.dll
0x00007ff83eec0000 - 0x00007ff83f01d000 	C:\Windows\System32\CRYPT32.dll
0x00007ff83e860000 - 0x00007ff83e887000 	C:\Windows\SYSTEM32\ncrypt.dll
0x00007ff83e820000 - 0x00007ff83e85b000 	C:\Windows\SYSTEM32\NTASN1.dll
0x00007ff83e750000 - 0x00007ff83e768000 	C:\Windows\SYSTEM32\CRYPTSP.dll
0x00007ff83de00000 - 0x00007ff83de38000 	C:\Windows\system32\rsaenh.dll
0x00007ff83ecb0000 - 0x00007ff83ecde000 	C:\Windows\SYSTEM32\USERENV.dll
0x00007ff83e740000 - 0x00007ff83e74c000 	C:\Windows\SYSTEM32\CRYPTBASE.dll
0x00007ff83e1e0000 - 0x00007ff83e21b000 	C:\Windows\SYSTEM32\IPHLPAPI.DLL
0x00007ff840a20000 - 0x00007ff840a28000 	C:\Windows\System32\NSI.dll
0x00007ff829430000 - 0x00007ff829440000 	C:\Users\i n f i n i t y\.jdks\openjdk-23.0.1\bin\verify.dll
0x00007ff83e220000 - 0x00007ff83e2ea000 	C:\Windows\SYSTEM32\DNSAPI.dll
0x00007ff838810000 - 0x00007ff83881a000 	C:\Windows\System32\rasadhlp.dll
0x00007ff830cc0000 - 0x00007ff830d40000 	C:\Windows\System32\fwpuclnt.dll
0x00007ff838680000 - 0x00007ff838687000 	C:\Windows\system32\wshunix.dll

dbghelp: loaded successfully - version: 4.0.5 - missing functions: none
symbol engine: initialized successfully - sym options: 0x614 - pdb path: .;C:\Users\i n f i n i t y\.jdks\openjdk-23.0.1\bin;C:\Windows\SYSTEM32;C:\Windows\WinSxS\amd64_microsoft.windows.common-controls_6595b64144ccf1df_6.0.19041.5915_none_60b4b9d171f9c7c7;C:\Users\i n f i n i t y\.jdks\openjdk-23.0.1\bin\server;C:\Users\i n f i n i t y\AppData\Local\JetBrains\IntelliJ IDEA Community Edition 2023.3.6\bin

VM Arguments:
jvm_args: -javaagent:C:\Users\i n f i n i t y\AppData\Local\JetBrains\IntelliJ IDEA Community Edition 2023.3.6\lib\idea_rt.jar=59150:C:\Users\i n f i n i t y\AppData\Local\JetBrains\IntelliJ IDEA Community Edition 2023.3.6\bin -Dfile.encoding=UTF-8 -Dsun.stdout.encoding=UTF-8 -Dsun.stderr.encoding=UTF-8 
java_command: com.smart.ourSite.OurSiteApplication
java_class_path (initial): C:\spring_training\ourSite\target\classes;C:\Users\i n f i n i t y\.m2\repository\org\springframework\boot\spring-boot-starter\3.5.3\spring-boot-starter-3.5.3.jar;C:\Users\i n f i n i t y\.m2\repository\org\springframework\boot\spring-boot\3.5.3\spring-boot-3.5.3.jar;C:\Users\i n f i n i t y\.m2\repository\org\springframework\spring-context\6.2.8\spring-context-6.2.8.jar;C:\Users\i n f i n i t y\.m2\repository\org\springframework\boot\spring-boot-autoconfigure\3.5.3\spring-boot-autoconfigure-3.5.3.jar;C:\Users\i n f i n i t y\.m2\repository\org\springframework\boot\spring-boot-starter-logging\3.5.3\spring-boot-starter-logging-3.5.3.jar;C:\Users\i n f i n i t y\.m2\repository\ch\qos\logback\logback-classic\1.5.18\logback-classic-1.5.18.jar;C:\Users\i n f i n i t y\.m2\repository\ch\qos\logback\logback-core\1.5.18\logback-core-1.5.18.jar;C:\Users\i n f i n i t y\.m2\repository\org\apache\logging\log4j\log4j-to-slf4j\2.24.3\log4j-to-slf4j-2.24.3.jar;C:\Users\i n f i n i t y\.m2\repository\org\apache\logging\log4j\log4j-api\2.24.3\log4j-api-2.24.3.jar;C:\Users\i n f i n i t y\.m2\repository\org\slf4j\jul-to-slf4j\2.0.17\jul-to-slf4j-2.0.17.jar;C:\Users\i n f i n i t y\.m2\repository\jakarta\annotation\jakarta.annotation-api\2.1.1\jakarta.annotation-api-2.1.1.jar;C:\Users\i n f i n i t y\.m2\repository\org\springframework\spring-core\6.2.8\spring-core-6.2.8.jar;C:\Users\i n f i n i t y\.m2\repository\org\springframework\spring-jcl\6.2.8\spring-jcl-6.2.8.jar;C:\Users\i n f i n i t y\.m2\repository\org\yaml\snakeyaml\2.4\snakeyaml-2.4.jar;C:\Users\i n f i n i t y\.m2\repository\org\slf4j\slf4j-api\2.0.17\slf4j-api-2.0.17.jar;C:\Users\i n f i n i t y\.m2\repository\jakarta\xml\bind\jakarta.xml.bind-api\4.0.2\jakarta.xml.bind-api-4.0.2.jar;C:\Users\i n f i n i t y\.m2\repository\jakarta\activation\jakarta.activation-api\2.1.3\jakarta.activation-api-2.1.3.jar;C:\Users\i n f i n i t y\.m2\repository\net\bytebuddy\byte-buddy\1.17.6\byte-buddy-1.17.6.jar;C:\Users\i n f i n i t y\.m2\repository\org\springframework\boot\spring-boot-starter-web\3.5.3\spring-boot-starter-web-3.5.3.jar;C:\Users\i n f i n i t y\.m2\repository\org\springframework\boot\spring-boot-starter-json\3.5.3\spring-boot-starter-json-3.5.3.jar;C:\Users\i n f i n i t y\.m2\repository\com\fasterxml\jackson\datatype\jackson-datatype-jdk8\2.19.1\jackson-datatype-jdk8-2.19.1.jar;C:\Users\i n f i n i t y\.m2\repository\com\fasterxml\jackson\datatype\jackson-datatype-jsr310\2.19.1\jackson-datatype-jsr310-2.19.1.jar;C:\Users\i n f i n i t y\.m2\repository\com\fasterxml\jackson\module\jackson-module-parameter-names\2.19.1\jackson-module-parameter-names-2.19.1.jar;C:\Users\i n f i n i t y\.m2\repository\org\springframework\boot\spring-boot-starter-tomcat\3.5.3\spring-boot-starter-tomcat-3.5.3.jar;C:\Users\i n f i n i t y\.m2\repository\org\apache\tomcat\embed\tomcat-embed-core\10.1.42\tomcat-embed-core-10.1.42.jar;C:\Users\i n f i n i t y\.m2\repository\org\apache\tomcat\embed\tomcat-embed-el\10.1.42\tomcat-embed-el-10.1.42.jar;C:\Users\i n f i n i t y\.m2\repository\org\apache\tomcat\embed\tomcat-embed-websocket\10.1.42\tomcat-embed-websocket-10.1.42.jar;C:\Users\i n f i n i t y\.m2\repository\org\springframework\spring-web\6.2.8\spring-web-6.2.8.jar;C:\Users\i n f i n i t y\.m2\repository\org\springframework\spring-beans\6.2.8\spring-beans-6.2.8.jar;C:\Users\i n f i n i t y\.m2\repository\io\micrometer\micrometer-observation\1.15.1\micrometer-observation-1.15.1.jar;C:\Users\i n f i n i t y\.m2\repository\io\micrometer\micrometer-commons\1.15.1\micrometer-commons-1.15.1.jar;C:\Users\i n f i n i t y\.m2\repository\org\springframework\spring-webmvc\6.2.8\spring-webmvc-6.2.8.jar;C:\Users\i n f i n i t y\.m2\repository\org\springframework\spring-expression\6.2.8\spring-expression-6.2.8.jar;C:\Users\i n f i n i t y\.m2\repository\org\springframework\boot\spring-boot-starter-data-jpa\3.5.3\spring-boot-starter-data-jpa-3.5.3.jar;C:\Users\i n f i n i t y\.m2\repository\org\springframework\boot\spring-boot-starter-jdbc\3.5.3\spring-boot-starter-jdbc-3.5.3.jar;C:\Users\i n f i n i t y\.m2\repository\com\zaxxer\HikariCP\6.3.0\HikariCP-6.3.0.jar;C:\Users\i n f i n i t y\.m2\repository\org\springframework\spring-jdbc\6.2.8\spring-jdbc-6.2.8.jar;C:\Users\i n f i n i t y\.m2\repository\org\hibernate\orm\hibernate-core\6.6.18.Final\hibernate-core-6.6.18.Final.jar;C:\Users\i n f i n i t y\.m2\repository\jakarta\persistence\jakarta.persistence-api\3.1.0\jakarta.persistence-api-3.1.0.jar;C:\Users\i n f i n i t y\.m2\repository\jakarta\transaction\jakarta.transaction-api\2.0.1\jakarta.transaction-api-2.0.1.jar;C:\Users\i n f i n i t y\.m2\repository\org\jboss\logging\jboss-logging\3.6.1.Final\jboss-logging-3.6.1.Final.jar;C:\Users\i n f i n i t y\.m2\repository\org\hibernate\common\hibernate-commons-annotations\7.0.3.Final\hibernate-commons-annotations-7.0.3.Final.jar;C:\Users\i n f i n i t y\.m2\repository\io\smallrye\jandex\3.2.0\jandex-3.2.0.jar;C:\Users\i n f i n i t y\.m2\repository\com\fasterxml\classmate\1.7.0\classmate-1.7.0.jar;C:\Users\i n f i n i t y\.m2\repository\org\glassfish\jaxb\jaxb-runtime\4.0.5\jaxb-runtime-4.0.5.jar;C:\Users\i n f i n i t y\.m2\repository\org\glassfish\jaxb\jaxb-core\4.0.5\jaxb-core-4.0.5.jar;C:\Users\i n f i n i t y\.m2\repository\org\eclipse\angus\angus-activation\2.0.2\angus-activation-2.0.2.jar;C:\Users\i n f i n i t y\.m2\repository\org\glassfish\jaxb\txw2\4.0.5\txw2-4.0.5.jar;C:\Users\i n f i n i t y\.m2\repository\com\sun\istack\istack-commons-runtime\4.1.2\istack-commons-runtime-4.1.2.jar;C:\Users\i n f i n i t y\.m2\repository\jakarta\inject\jakarta.inject-api\2.0.1\jakarta.inject-api-2.0.1.jar;C:\Users\i n f i n i t y\.m2\repository\org\antlr\antlr4-runtime\4.13.0\antlr4-runtime-4.13.0.jar;C:\Users\i n f i n i t y\.m2\repository\org\springframework\data\spring-data-jpa\3.5.1\spring-data-jpa-3.5.1.jar;C:\Users\i n f i n i t y\.m2\repository\org\springframework\data\spring-data-commons\3.5.1\spring-data-commons-3.5.1.jar;C:\Users\i n f i n i t y\.m2\repository\org\springframework\spring-orm\6.2.8\spring-orm-6.2.8.jar;C:\Users\i n f i n i t y\.m2\repository\org\springframework\spring-tx\6.2.8\spring-tx-6.2.8.jar;C:\Users\i n f i n i t y\.m2\repository\org\springframework\spring-aspects\6.2.8\spring-aspects-6.2.8.jar;C:\Users\i n f i n i t y\.m2\repository\org\aspectj\aspectjweaver\1.9.24\aspectjweaver-1.9.24.jar;C:\Users\i n f i n i t y\.m2\repository\com\mysql\mysql-connector-j\9.2.0\mysql-connector-j-9.2.0.jar;C:\Users\i n f i n i t y\.m2\repository\org\projectlombok\lombok\1.18.38\lombok-1.18.38.jar;C:\Users\i n f i n i t y\.m2\repository\org\springframework\boot\spring-boot-devtools\3.5.3\spring-boot-devtools-3.5.3.jar;C:\Users\i n f i n i t y\.m2\repository\org\springframework\boot\spring-boot-starter-security\3.5.3\spring-boot-starter-security-3.5.3.jar;C:\Users\i n f i n i t y\.m2\repository\org\springframework\spring-aop\6.2.8\spring-aop-6.2.8.jar;C:\Users\i n f i n i t y\.m2\repository\org\springframework\security\spring-security-config\6.5.1\spring-security-config-6.5.1.jar;C:\Users\i n f i n i t y\.m2\repository\org\springframework\security\spring-security-core\6.5.1\spring-security-core-6.5.1.jar;C:\Users\i n f i n i t y\.m2\repository\org\springframework\security\spring-security-crypto\6.5.1\spring-security-crypto-6.5.1.jar;C:\Users\i n f i n i t y\.m2\repository\org\springframework\security\spring-security-web\6.5.1\spring-security-web-6.5.1.jar;C:\Users\i n f i n i t y\.m2\repository\io\jsonwebtoken\jjwt-api\0.11.5\jjwt-api-0.11.5.jar;C:\Users\i n f i n i t y\.m2\repository\io\jsonwebtoken\jjwt-impl\0.11.5\jjwt-impl-0.11.5.jar;C:\Users\i n f i n i t y\.m2\repository\io\jsonwebtoken\jjwt-jackson\0.11.5\jjwt-jackson-0.11.5.jar;C:\Users\i n f i n i t y\.m2\repository\com\fasterxml\jackson\core\jackson-databind\2.19.1\jackson-databind-2.19.1.jar;C:\Users\i n f i n i t y\.m2\repository\com\fasterxml\jackson\core\jackson-annotations\2.19.1\jackson-annotations-2.19.1.jar;C:\Users\i n f i n i t y\.m2\repository\com\fasterxml\jackson\core\jackson-core\2.19.1\jackson-core-2.19.1.jar
Launcher Type: SUN_STANDARD

[Global flags]
     intx CICompilerCount                          = 4                                         {product} {ergonomic}
     uint ConcGCThreads                            = 2                                         {product} {ergonomic}
     uint G1ConcRefinementThreads                  = 8                                         {product} {ergonomic}
   size_t G1HeapRegionSize                         = 2097152                                   {product} {ergonomic}
   size_t InitialHeapSize                          = 266338304                                 {product} {ergonomic}
   size_t MarkStackSize                            = 4194304                                   {product} {ergonomic}
   size_t MarkStackSizeMax                         = 536870912                                 {product} {ergonomic}
   size_t MaxHeapSize                              = 4259315712                                {product} {ergonomic}
   size_t MaxNewSize                               = 2554331136                                {product} {ergonomic}
   size_t MinHeapDeltaBytes                        = 2097152                                   {product} {ergonomic}
   size_t MinHeapSize                              = 8388608                                   {product} {ergonomic}
    uintx NonNMethodCodeHeapSize                   = 5832704                                {pd product} {ergonomic}
    uintx NonProfiledCodeHeapSize                  = 122945536                              {pd product} {ergonomic}
    uintx ProfiledCodeHeapSize                     = 122880000                              {pd product} {ergonomic}
    uintx ReservedCodeCacheSize                    = 251658240                              {pd product} {ergonomic}
     bool SegmentedCodeCache                       = true                                      {product} {ergonomic}
   size_t SoftMaxHeapSize                          = 4259315712                             {manageable} {ergonomic}
     bool UseCompressedOops                        = true                           {product lp64_product} {ergonomic}
     bool UseG1GC                                  = true                                      {product} {ergonomic}
     bool UseLargePagesIndividualAllocation        = false                                  {pd product} {ergonomic}

Logging:
Log output configuration:
 #0: stdout all=warning uptime,level,tags foldmultilines=false
 #1: stderr all=off uptime,level,tags foldmultilines=false

Environment Variables:
JAVA_HOME=C:\Users\i n f i n i t y\AppData\Local\Programs\Eclipse Adoptium\jdk-17.0.8.101-hotspot\
PATH=C:\Users\i n f i n i t y\AppData\Local\Programs\Python\Python312\Scripts\;C:\Users\i n f i n i t y\AppData\Local\Programs\Python\Python312\;C:\Program Files\Common Files\Oracle\Java\javapath;C:\Program Files (x86)\Common Files\Oracle\Java\java8path;C:\Program Files (x86)\Common Files\Oracle\Java\javapath;C:\Windows\system32;C:\Windows;C:\Windows\System32\Wbem;C:\Windows\System32\WindowsPowerShell\v1.0\;C:\Windows\System32\OpenSSH\;C:\Program Files (x86)\NVIDIA Corporation\PhysX\Common;C:\Program Files\Git\cmd;C:\Program Files\Microsoft SQL Server\150\Tools\Binn\;C:\Program Files\Microsoft SQL Server\Client SDK\ODBC\170\Tools\Binn\;C:\Program Files\dotnet\;C:\Program Files (x86)\Windows Kits\10\Windows Performance Toolkit\;C:\Program Files (x86)\Microsoft SQL Server\160\Tools\Binn\;C:\Program Files\Microsoft SQL Server\160\Tools\Binn\;C:\Program Files\Microsoft SQL Server\160\DTS\Binn\;C:\Program Files\MySQL\MySQL Server 8.0\bin;C:\ProgramData\chocolatey\bin;C:\Program Files\MongoDB\DatabaseTools\bin;C:\Users\i n f i n i t y\AppData\Local\Android\Sdk\platform-tools\;C:\SDKs\Android\flutter\bin\cache\dart-sdk\bin;C:\Users\i n f i n i t y\AppData\Local\Pub\Cache\bin\;C:\Users\i n f i n i t y\AppData\Local\nvm;C:\nvm4w\nodejs;C:\Users\i n f i n i t y\AppData\Local\nvm;C:\Program Files\Apache\maven-mvnd-2.0.0-rc-3-windows-amd64\mvn\bin;;C:\Program Files\NVIDIA Corporation\NVIDIA App\NvDLISR;C:\Program Files\MySQL\MySQL Shell 8.0\bin\;C:\Users\i n f i n i t y\AppData\Local\Programs\Eclipse Adoptium\jdk-17.0.8.101-hotspot\bin;C:\Users\i n f i n i t y\AppData\Local\Microsoft\WindowsApps;C:\SDKs\Android\flutter\bin;C:\Users\i n f i n i t y\.dotnet\tools;C:\Users\i n f i n i t y\AppData\Local\Programs\Microsoft VS Code\bin;C:\Users\i n f i n i t y\AppData\Local\Programs\Azure Data Studio\bin;C:\Users\i n f i n i t y\AppData\Local\GitHubDesktop\bin;C:\Program Files\JetBrains\IntelliJ IDEA 2023.3.6\bin;;C:\Users\i n f i n i t y\AppData\Local\JetBrains\IntelliJ IDEA Community Edition 2023.3.6\bin;;C:\Users\i n f i n i t y\AppData\Local\Microsoft\WinGet\Packages\Schniz.fnm_Microsoft.Winget.Source_8wekyb3d8bbwe;C:\Program Files\MongoDB\Shell\bin\;C:\Users\i n f i n i t y\AppData\Local\nvm;C:\nvm4w\nodejs;C:\Users\i n f i n i t y\AppData\Roaming\npm
USERNAME=ics
OS=Windows_NT
PROCESSOR_IDENTIFIER=Intel64 Family 6 Model 158 Stepping 9, GenuineIntel
TMP=C:\Users\INFINI~1\AppData\Local\Temp
TEMP=C:\Users\INFINI~1\AppData\Local\Temp




Periodic native trim disabled

---------------  S Y S T E M  ---------------

OS:
 Windows 10 , 64 bit Build 19041 (10.0.19041.5915)
OS uptime: 4 days 13:56 hours

CPU: total 8 (initial active 8) (4 cores per cpu, 2 threads per core) family 6 model 158 stepping 9 microcode 0xb4, cx8, cmov, fxsr, ht, mmx, 3dnowpref, sse, sse2, sse3, ssse3, sse4.1, sse4.2, popcnt, lzcnt, tsc, tscinvbit, avx, avx2, aes, erms, clmul, bmi1, bmi2, adx, fma, vzeroupper, clflush, clflushopt, rdtscp, f16c
Processor Information for the first 8 processors :
  Max Mhz: 2801, Current Mhz: 2800, Mhz Limit: 2772

Memory: 4k page, system-wide physical 16245M (3793M free)
TotalPageFile size 22113M (AvailPageFile size 2M)
current process WorkingSet (physical memory assigned to process): 275M, peak: 314M
current process commit charge ("private bytes"): 388M, peak: 429M

vm_info: OpenJDK 64-Bit Server VM (23.0.1+11-39) for windows-amd64 JRE (23.0.1+11-39), built on 2024-09-30T07:20:43Z with MS VC++ 17.6 (VS2022)

END.
