#
# There is insufficient memory for the Java Runtime Environment to continue.
# Native memory allocation (malloc) failed to allocate 608448 bytes. Error detail: Chunk::new
# Possible reasons:
#   The system is out of physical RAM or swap space
#   This process is running with CompressedOops enabled, and the Java Heap may be blocking the growth of the native heap
# Possible solutions:
#   Reduce memory load on the system
#   Increase physical memory or swap space
#   Check if swap backing store is full
#   Decrease Java heap size (-Xmx/-Xms)
#   Decrease number of Java threads
#   Decrease Java thread stack sizes (-Xss)
#   Set larger code cache with -XX:ReservedCodeCacheSize=
#   JVM is running with Zero Based Compressed Oops mode in which the Java heap is
#     placed in the first 32GB address space. The Java Heap base address is the
#     maximum limit for the native heap growth. Please use -XX:HeapBaseMinAddress
#     to set the Java Heap base and to place the Java Heap above 32GB virtual address.
# This output file may be truncated or incomplete.
#
#  Out of Memory Error (arena.cpp:149), pid=23364, tid=12360
#
# JRE version: OpenJDK Runtime Environment (23.0.1+11) (build 23.0.1+11-39)
# Java VM: OpenJDK 64-Bit Server VM (23.0.1+11-39, mixed mode, sharing, tiered, compressed oops, compressed class ptrs, g1 gc, windows-amd64)
# No core dump will be written. Minidumps are not enabled by default on client versions of Windows
#

---------------  S U M M A R Y ------------

Command Line: -javaagent:C:\Users\i n f i n i t y\AppData\Local\JetBrains\IntelliJ IDEA Community Edition 2023.3.6\lib\idea_rt.jar=62640:C:\Users\i n f i n i t y\AppData\Local\JetBrains\IntelliJ IDEA Community Edition 2023.3.6\bin -Dfile.encoding=UTF-8 -Dsun.stdout.encoding=UTF-8 -Dsun.stderr.encoding=UTF-8 com.smart.ourSite.OurSiteApplication

Host: Intel(R) Core(TM) i7-7700HQ CPU @ 2.80GHz, 8 cores, 15G,  Windows 10 , 64 bit Build 19041 (10.0.19041.5915)
Time: Thu Jul  3 05:03:30 2025 Egypt Daylight Time elapsed time: 1.591009 seconds (0d 0h 0m 1s)

---------------  T H R E A D  ---------------

Current thread (0x000001b85c648e20):  JavaThread "C2 CompilerThread1" daemon [_thread_in_native, id=12360, stack(0x0000000212200000,0x0000000212300000) (1024K)]


Current CompileTask:
C2:1591 2132       4       jdk.internal.loader.URLClassPath::getResource (74 bytes)

Stack: [0x0000000212200000,0x0000000212300000]
Native frames: (J=compiled Java code, j=interpreted, Vv=VM code, C=native code)
V  [jvm.dll+0x6e08b9]  (no source info available)
V  [jvm.dll+0x87dc83]  (no source info available)
V  [jvm.dll+0x88010e]  (no source info available)
V  [jvm.dll+0x8807e3]  (no source info available)
V  [jvm.dll+0x27aee6]  (no source info available)
V  [jvm.dll+0xbc06f]  (no source info available)
V  [jvm.dll+0xbc2cb]  (no source info available)
V  [jvm.dll+0x3b3a9c]  (no source info available)
V  [jvm.dll+0x1dc39e]  (no source info available)
V  [jvm.dll+0x244be5]  (no source info available)
V  [jvm.dll+0x243dff]  (no source info available)
V  [jvm.dll+0x1c33a0]  (no source info available)
V  [jvm.dll+0x253cf1]  (no source info available)
V  [jvm.dll+0x251faa]  (no source info available)
V  [jvm.dll+0x3ee036]  (no source info available)
V  [jvm.dll+0x824f8b]  (no source info available)
V  [jvm.dll+0x6df065]  (no source info available)
C  [ucrtbase.dll+0x21bb2]  (no source info available)
C  [KERNEL32.DLL+0x17374]  (no source info available)
C  [ntdll.dll+0x4cc91]  (no source info available)

Lock stack of current Java thread (top to bottom):


---------------  P R O C E S S  ---------------

Threads class SMR info:
_java_thread_list=0x000001b8a28c6c60, length=17, elements={
0x000001b83ac8feb0, 0x000001b85c385620, 0x000001b85c386340, 0x000001b85c3881e0,
0x000001b85c389db0, 0x000001b85c38b030, 0x000001b85c3911c0, 0x000001b85c39dda0,
0x000001b85c3c0ca0, 0x000001b85c4a4310, 0x000001b85c648e20, 0x000001b85c4a35f0,
0x000001b85c4a3c80, 0x000001b85c4a49a0, 0x000001b85c4a5030, 0x000001b85c4a56c0,
0x000001b8a28523d0
}

Java Threads: ( => current thread )
  0x000001b83ac8feb0 JavaThread "main"                              [_thread_blocked, id=5956, stack(0x0000000211100000,0x0000000211200000) (1024K)]
  0x000001b85c385620 JavaThread "Reference Handler"          daemon [_thread_blocked, id=15940, stack(0x0000000211900000,0x0000000211a00000) (1024K)]
  0x000001b85c386340 JavaThread "Finalizer"                  daemon [_thread_blocked, id=16964, stack(0x0000000211a00000,0x0000000211b00000) (1024K)]
  0x000001b85c3881e0 JavaThread "Signal Dispatcher"          daemon [_thread_blocked, id=19220, stack(0x0000000211b00000,0x0000000211c00000) (1024K)]
  0x000001b85c389db0 JavaThread "Attach Listener"            daemon [_thread_blocked, id=16188, stack(0x0000000211c00000,0x0000000211d00000) (1024K)]
  0x000001b85c38b030 JavaThread "Service Thread"             daemon [_thread_blocked, id=23160, stack(0x0000000211d00000,0x0000000211e00000) (1024K)]
  0x000001b85c3911c0 JavaThread "Monitor Deflation Thread"   daemon [_thread_blocked, id=448, stack(0x0000000211e00000,0x0000000211f00000) (1024K)]
  0x000001b85c39dda0 JavaThread "C2 CompilerThread0"         daemon [_thread_in_native, id=20536, stack(0x0000000211f00000,0x0000000212000000) (1024K)]
  0x000001b85c3c0ca0 JavaThread "C1 CompilerThread0"         daemon [_thread_blocked, id=13864, stack(0x0000000212000000,0x0000000212100000) (1024K)]
  0x000001b85c4a4310 JavaThread "Common-Cleaner"             daemon [_thread_blocked, id=20204, stack(0x0000000212100000,0x0000000212200000) (1024K)]
=>0x000001b85c648e20 JavaThread "C2 CompilerThread1"         daemon [_thread_in_native, id=12360, stack(0x0000000212200000,0x0000000212300000) (1024K)]
  0x000001b85c4a35f0 JavaThread "Monitor Ctrl-Break"         daemon [_thread_in_native, id=4708, stack(0x0000000212300000,0x0000000212400000) (1024K)]
  0x000001b85c4a3c80 JavaThread "Notification Thread"        daemon [_thread_blocked, id=14812, stack(0x0000000212400000,0x0000000212500000) (1024K)]
  0x000001b85c4a49a0 JavaThread "Thread-0"                          [_thread_blocked, id=9620, stack(0x0000000212500000,0x0000000212600000) (1024K)]
  0x000001b85c4a5030 JavaThread "restartedMain"                     [_thread_in_vm, id=15176, stack(0x0000000212600000,0x0000000212700000) (1024K)]
  0x000001b85c4a56c0 JavaThread "background-preinit"                [_thread_in_Java, id=21588, stack(0x0000000212c00000,0x0000000212d00000) (1024K)]
  0x000001b8a28523d0 JavaThread "C2 CompilerThread2"         daemon [_thread_in_vm, id=19112, stack(0x0000000212f00000,0x0000000213000000) (1024K)]
Total: 17

Other Threads:
  0x000001b85c36d9e0 VMThread "VM Thread"                           [id=22456, stack(0x0000000211800000,0x0000000211900000) (1024K)]
  0x000001b85c3596c0 WatcherThread "VM Periodic Task Thread"        [id=868, stack(0x0000000211700000,0x0000000211800000) (1024K)]
  0x000001b83cee7de0 WorkerThread "GC Thread#0"                     [id=23524, stack(0x0000000211200000,0x0000000211300000) (1024K)]
  0x000001b8a20ea450 WorkerThread "GC Thread#1"                     [id=19736, stack(0x0000000212700000,0x0000000212800000) (1024K)]
  0x000001b8a20ea800 WorkerThread "GC Thread#2"                     [id=15512, stack(0x0000000212800000,0x0000000212900000) (1024K)]
  0x000001b8a2084960 WorkerThread "GC Thread#3"                     [id=16864, stack(0x0000000212900000,0x0000000212a00000) (1024K)]
  0x000001b8a2101a60 WorkerThread "GC Thread#4"                     [id=15568, stack(0x0000000212a00000,0x0000000212b00000) (1024K)]
  0x000001b8a2102220 WorkerThread "GC Thread#5"                     [id=23416, stack(0x0000000212b00000,0x0000000212c00000) (1024K)]
  0x000001b8a23af160 WorkerThread "GC Thread#6"                     [id=7832, stack(0x0000000212d00000,0x0000000212e00000) (1024K)]
  0x000001b8a23af510 WorkerThread "GC Thread#7"                     [id=22536, stack(0x0000000212e00000,0x0000000212f00000) (1024K)]
  0x000001b83cefcc20 ConcurrentGCThread "G1 Main Marker"            [id=20612, stack(0x0000000211300000,0x0000000211400000) (1024K)]
  0x000001b83cefddd0 WorkerThread "G1 Conc#0"                       [id=12308, stack(0x0000000211400000,0x0000000211500000) (1024K)]
  0x000001b85c2299d0 ConcurrentGCThread "G1 Refine#0"               [id=22520, stack(0x0000000211500000,0x0000000211600000) (1024K)]
  0x000001b85c22b210 ConcurrentGCThread "G1 Service"                [id=14344, stack(0x0000000211600000,0x0000000211700000) (1024K)]
Total: 14

Threads with active compile tasks:
C2 CompilerThread0  1696 2139       4       java.lang.invoke.MethodType::makeImpl (109 bytes)
C2 CompilerThread1  1696 2132       4       jdk.internal.loader.URLClassPath::getResource (74 bytes)
C2 CompilerThread2  1696 2359       4       java.lang.invoke.MethodType::methodType (69 bytes)
Total: 3

VM state: not at safepoint (normal execution)

VM Mutex/Monitor currently owned by a thread: None

Heap address: 0x0000000702200000, size: 4062 MB, Compressed Oops mode: Zero based, Oop shift amount: 3

CDS archive(s) mapped at: [0x000001b85d000000-0x000001b85dd70000-0x000001b85dd70000), size 14090240, SharedBaseAddress: 0x000001b85d000000, ArchiveRelocationMode: 1.
Compressed class space mapped at: 0x000001b85e000000-0x000001b89e000000, reserved size: 1073741824
Narrow klass base: 0x000001b85d000000, Narrow klass shift: 0, Narrow klass range: 0x41000000

GC Precious Log:
 CardTable entry size: 512
 Card Set container configuration: InlinePtr #cards 4 size 8 Array Of Cards #cards 16 size 48 Howl #buckets 8 coarsen threshold 3686 Howl Bitmap #cards 512 size 80 coarsen threshold 460 Card regions per heap region 1 cards per card region 4096
 CPUs: 8 total, 8 available
 Memory: 16245M
 Large Page Support: Disabled
 NUMA Support: Disabled
 Compressed Oops: Enabled (Zero based)
 Heap Region Size: 2M
 Heap Min Capacity: 8M
 Heap Initial Capacity: 254M
 Heap Max Capacity: 4062M
 Pre-touch: Disabled
 Parallel Workers: 8
 Concurrent Workers: 2
 Concurrent Refinement Workers: 8
 Periodic GC: Disabled

Heap:
 garbage-first heap   total reserved 4159488K, committed 260096K, used 22361K [0x0000000702200000, 0x0000000800000000)
  region size 2048K, 10 young (20480K), 2 survivors (4096K)
 Metaspace       used 15886K, committed 16256K, reserved 1114112K
  class space    used 1962K, committed 2112K, reserved 1048576K

Heap Regions: E=young(eden), S=young(survivor), O=old, HS=humongous(starts), HC=humongous(continues), CS=collection set, F=free, TAMS=top-at-mark-start, PB=parsable bottom
|   0|0x0000000702200000, 0x0000000702400000, 0x0000000702400000|100%| O|  |TAMS 0x0000000702200000| PB 0x0000000702200000| Untracked |  0
|   1|0x0000000702400000, 0x0000000702600000, 0x0000000702600000|100%| O|  |TAMS 0x0000000702400000| PB 0x0000000702400000| Untracked |  0
|   2|0x0000000702600000, 0x0000000702800000, 0x0000000702800000|100%| O|  |TAMS 0x0000000702600000| PB 0x0000000702600000| Untracked |  0
|   3|0x0000000702800000, 0x00000007029a1e80, 0x0000000702a00000| 81%| O|  |TAMS 0x0000000702800000| PB 0x0000000702800000| Untracked |  0
|   4|0x0000000702a00000, 0x0000000702a00000, 0x0000000702c00000|  0%| F|  |TAMS 0x0000000702a00000| PB 0x0000000702a00000| Untracked |  0
|   5|0x0000000702c00000, 0x0000000702c00000, 0x0000000702e00000|  0%| F|  |TAMS 0x0000000702c00000| PB 0x0000000702c00000| Untracked |  0
|   6|0x0000000702e00000, 0x0000000702e00000, 0x0000000703000000|  0%| F|  |TAMS 0x0000000702e00000| PB 0x0000000702e00000| Untracked |  0
|   7|0x0000000703000000, 0x0000000703000000, 0x0000000703200000|  0%| F|  |TAMS 0x0000000703000000| PB 0x0000000703000000| Untracked |  0
|   8|0x0000000703200000, 0x0000000703200000, 0x0000000703400000|  0%| F|  |TAMS 0x0000000703200000| PB 0x0000000703200000| Untracked |  0
|   9|0x0000000703400000, 0x0000000703400000, 0x0000000703600000|  0%| F|  |TAMS 0x0000000703400000| PB 0x0000000703400000| Untracked |  0
|  10|0x0000000703600000, 0x0000000703600000, 0x0000000703800000|  0%| F|  |TAMS 0x0000000703600000| PB 0x0000000703600000| Untracked |  0
|  11|0x0000000703800000, 0x0000000703800000, 0x0000000703a00000|  0%| F|  |TAMS 0x0000000703800000| PB 0x0000000703800000| Untracked |  0
|  12|0x0000000703a00000, 0x0000000703a00000, 0x0000000703c00000|  0%| F|  |TAMS 0x0000000703a00000| PB 0x0000000703a00000| Untracked |  0
|  13|0x0000000703c00000, 0x0000000703c00000, 0x0000000703e00000|  0%| F|  |TAMS 0x0000000703c00000| PB 0x0000000703c00000| Untracked |  0
|  14|0x0000000703e00000, 0x0000000703e00000, 0x0000000704000000|  0%| F|  |TAMS 0x0000000703e00000| PB 0x0000000703e00000| Untracked |  0
|  15|0x0000000704000000, 0x0000000704000000, 0x0000000704200000|  0%| F|  |TAMS 0x0000000704000000| PB 0x0000000704000000| Untracked |  0
|  16|0x0000000704200000, 0x0000000704200000, 0x0000000704400000|  0%| F|  |TAMS 0x0000000704200000| PB 0x0000000704200000| Untracked |  0
|  17|0x0000000704400000, 0x0000000704400000, 0x0000000704600000|  0%| F|  |TAMS 0x0000000704400000| PB 0x0000000704400000| Untracked |  0
|  18|0x0000000704600000, 0x0000000704600000, 0x0000000704800000|  0%| F|  |TAMS 0x0000000704600000| PB 0x0000000704600000| Untracked |  0
|  19|0x0000000704800000, 0x0000000704800000, 0x0000000704a00000|  0%| F|  |TAMS 0x0000000704800000| PB 0x0000000704800000| Untracked |  0
|  20|0x0000000704a00000, 0x0000000704a00000, 0x0000000704c00000|  0%| F|  |TAMS 0x0000000704a00000| PB 0x0000000704a00000| Untracked |  0
|  21|0x0000000704c00000, 0x0000000704c00000, 0x0000000704e00000|  0%| F|  |TAMS 0x0000000704c00000| PB 0x0000000704c00000| Untracked |  0
|  22|0x0000000704e00000, 0x0000000704e00000, 0x0000000705000000|  0%| F|  |TAMS 0x0000000704e00000| PB 0x0000000704e00000| Untracked |  0
|  23|0x0000000705000000, 0x0000000705000000, 0x0000000705200000|  0%| F|  |TAMS 0x0000000705000000| PB 0x0000000705000000| Untracked |  0
|  24|0x0000000705200000, 0x0000000705200000, 0x0000000705400000|  0%| F|  |TAMS 0x0000000705200000| PB 0x0000000705200000| Untracked |  0
|  25|0x0000000705400000, 0x0000000705400000, 0x0000000705600000|  0%| F|  |TAMS 0x0000000705400000| PB 0x0000000705400000| Untracked |  0
|  26|0x0000000705600000, 0x0000000705600000, 0x0000000705800000|  0%| F|  |TAMS 0x0000000705600000| PB 0x0000000705600000| Untracked |  0
|  27|0x0000000705800000, 0x0000000705800000, 0x0000000705a00000|  0%| F|  |TAMS 0x0000000705800000| PB 0x0000000705800000| Untracked |  0
|  28|0x0000000705a00000, 0x0000000705a00000, 0x0000000705c00000|  0%| F|  |TAMS 0x0000000705a00000| PB 0x0000000705a00000| Untracked |  0
|  29|0x0000000705c00000, 0x0000000705c00000, 0x0000000705e00000|  0%| F|  |TAMS 0x0000000705c00000| PB 0x0000000705c00000| Untracked |  0
|  30|0x0000000705e00000, 0x0000000705e00000, 0x0000000706000000|  0%| F|  |TAMS 0x0000000705e00000| PB 0x0000000705e00000| Untracked |  0
|  31|0x0000000706000000, 0x0000000706000000, 0x0000000706200000|  0%| F|  |TAMS 0x0000000706000000| PB 0x0000000706000000| Untracked |  0
|  32|0x0000000706200000, 0x0000000706200000, 0x0000000706400000|  0%| F|  |TAMS 0x0000000706200000| PB 0x0000000706200000| Untracked |  0
|  33|0x0000000706400000, 0x0000000706400000, 0x0000000706600000|  0%| F|  |TAMS 0x0000000706400000| PB 0x0000000706400000| Untracked |  0
|  34|0x0000000706600000, 0x0000000706600000, 0x0000000706800000|  0%| F|  |TAMS 0x0000000706600000| PB 0x0000000706600000| Untracked |  0
|  35|0x0000000706800000, 0x0000000706800000, 0x0000000706a00000|  0%| F|  |TAMS 0x0000000706800000| PB 0x0000000706800000| Untracked |  0
|  36|0x0000000706a00000, 0x0000000706a00000, 0x0000000706c00000|  0%| F|  |TAMS 0x0000000706a00000| PB 0x0000000706a00000| Untracked |  0
|  37|0x0000000706c00000, 0x0000000706c00000, 0x0000000706e00000|  0%| F|  |TAMS 0x0000000706c00000| PB 0x0000000706c00000| Untracked |  0
|  38|0x0000000706e00000, 0x0000000706e00000, 0x0000000707000000|  0%| F|  |TAMS 0x0000000706e00000| PB 0x0000000706e00000| Untracked |  0
|  39|0x0000000707000000, 0x0000000707000000, 0x0000000707200000|  0%| F|  |TAMS 0x0000000707000000| PB 0x0000000707000000| Untracked |  0
|  40|0x0000000707200000, 0x0000000707200000, 0x0000000707400000|  0%| F|  |TAMS 0x0000000707200000| PB 0x0000000707200000| Untracked |  0
|  41|0x0000000707400000, 0x0000000707400000, 0x0000000707600000|  0%| F|  |TAMS 0x0000000707400000| PB 0x0000000707400000| Untracked |  0
|  42|0x0000000707600000, 0x0000000707600000, 0x0000000707800000|  0%| F|  |TAMS 0x0000000707600000| PB 0x0000000707600000| Untracked |  0
|  43|0x0000000707800000, 0x0000000707800000, 0x0000000707a00000|  0%| F|  |TAMS 0x0000000707800000| PB 0x0000000707800000| Untracked |  0
|  44|0x0000000707a00000, 0x0000000707a00000, 0x0000000707c00000|  0%| F|  |TAMS 0x0000000707a00000| PB 0x0000000707a00000| Untracked |  0
|  45|0x0000000707c00000, 0x0000000707c00000, 0x0000000707e00000|  0%| F|  |TAMS 0x0000000707c00000| PB 0x0000000707c00000| Untracked |  0
|  46|0x0000000707e00000, 0x0000000707e00000, 0x0000000708000000|  0%| F|  |TAMS 0x0000000707e00000| PB 0x0000000707e00000| Untracked |  0
|  47|0x0000000708000000, 0x0000000708000000, 0x0000000708200000|  0%| F|  |TAMS 0x0000000708000000| PB 0x0000000708000000| Untracked |  0
|  48|0x0000000708200000, 0x0000000708200000, 0x0000000708400000|  0%| F|  |TAMS 0x0000000708200000| PB 0x0000000708200000| Untracked |  0
|  49|0x0000000708400000, 0x0000000708400000, 0x0000000708600000|  0%| F|  |TAMS 0x0000000708400000| PB 0x0000000708400000| Untracked |  0
|  50|0x0000000708600000, 0x0000000708600000, 0x0000000708800000|  0%| F|  |TAMS 0x0000000708600000| PB 0x0000000708600000| Untracked |  0
|  51|0x0000000708800000, 0x0000000708800000, 0x0000000708a00000|  0%| F|  |TAMS 0x0000000708800000| PB 0x0000000708800000| Untracked |  0
|  52|0x0000000708a00000, 0x0000000708a00000, 0x0000000708c00000|  0%| F|  |TAMS 0x0000000708a00000| PB 0x0000000708a00000| Untracked |  0
|  53|0x0000000708c00000, 0x0000000708c00000, 0x0000000708e00000|  0%| F|  |TAMS 0x0000000708c00000| PB 0x0000000708c00000| Untracked |  0
|  54|0x0000000708e00000, 0x0000000708e00000, 0x0000000709000000|  0%| F|  |TAMS 0x0000000708e00000| PB 0x0000000708e00000| Untracked |  0
|  55|0x0000000709000000, 0x0000000709000000, 0x0000000709200000|  0%| F|  |TAMS 0x0000000709000000| PB 0x0000000709000000| Untracked |  0
|  56|0x0000000709200000, 0x0000000709200000, 0x0000000709400000|  0%| F|  |TAMS 0x0000000709200000| PB 0x0000000709200000| Untracked |  0
|  57|0x0000000709400000, 0x0000000709400000, 0x0000000709600000|  0%| F|  |TAMS 0x0000000709400000| PB 0x0000000709400000| Untracked |  0
|  58|0x0000000709600000, 0x0000000709600000, 0x0000000709800000|  0%| F|  |TAMS 0x0000000709600000| PB 0x0000000709600000| Untracked |  0
|  59|0x0000000709800000, 0x0000000709800000, 0x0000000709a00000|  0%| F|  |TAMS 0x0000000709800000| PB 0x0000000709800000| Untracked |  0
|  60|0x0000000709a00000, 0x0000000709a00000, 0x0000000709c00000|  0%| F|  |TAMS 0x0000000709a00000| PB 0x0000000709a00000| Untracked |  0
|  61|0x0000000709c00000, 0x0000000709c00000, 0x0000000709e00000|  0%| F|  |TAMS 0x0000000709c00000| PB 0x0000000709c00000| Untracked |  0
|  62|0x0000000709e00000, 0x0000000709e00000, 0x000000070a000000|  0%| F|  |TAMS 0x0000000709e00000| PB 0x0000000709e00000| Untracked |  0
|  63|0x000000070a000000, 0x000000070a000000, 0x000000070a200000|  0%| F|  |TAMS 0x000000070a000000| PB 0x000000070a000000| Untracked |  0
|  64|0x000000070a200000, 0x000000070a200000, 0x000000070a400000|  0%| F|  |TAMS 0x000000070a200000| PB 0x000000070a200000| Untracked |  0
|  65|0x000000070a400000, 0x000000070a400000, 0x000000070a600000|  0%| F|  |TAMS 0x000000070a400000| PB 0x000000070a400000| Untracked |  0
|  66|0x000000070a600000, 0x000000070a600000, 0x000000070a800000|  0%| F|  |TAMS 0x000000070a600000| PB 0x000000070a600000| Untracked |  0
|  67|0x000000070a800000, 0x000000070a800000, 0x000000070aa00000|  0%| F|  |TAMS 0x000000070a800000| PB 0x000000070a800000| Untracked |  0
|  68|0x000000070aa00000, 0x000000070aa00000, 0x000000070ac00000|  0%| F|  |TAMS 0x000000070aa00000| PB 0x000000070aa00000| Untracked |  0
|  69|0x000000070ac00000, 0x000000070ac00000, 0x000000070ae00000|  0%| F|  |TAMS 0x000000070ac00000| PB 0x000000070ac00000| Untracked |  0
|  70|0x000000070ae00000, 0x000000070ae00000, 0x000000070b000000|  0%| F|  |TAMS 0x000000070ae00000| PB 0x000000070ae00000| Untracked |  0
|  71|0x000000070b000000, 0x000000070b000000, 0x000000070b200000|  0%| F|  |TAMS 0x000000070b000000| PB 0x000000070b000000| Untracked |  0
|  72|0x000000070b200000, 0x000000070b200000, 0x000000070b400000|  0%| F|  |TAMS 0x000000070b200000| PB 0x000000070b200000| Untracked |  0
|  73|0x000000070b400000, 0x000000070b400000, 0x000000070b600000|  0%| F|  |TAMS 0x000000070b400000| PB 0x000000070b400000| Untracked |  0
|  74|0x000000070b600000, 0x000000070b600000, 0x000000070b800000|  0%| F|  |TAMS 0x000000070b600000| PB 0x000000070b600000| Untracked |  0
|  75|0x000000070b800000, 0x000000070b800000, 0x000000070ba00000|  0%| F|  |TAMS 0x000000070b800000| PB 0x000000070b800000| Untracked |  0
|  76|0x000000070ba00000, 0x000000070ba00000, 0x000000070bc00000|  0%| F|  |TAMS 0x000000070ba00000| PB 0x000000070ba00000| Untracked |  0
|  77|0x000000070bc00000, 0x000000070bc00000, 0x000000070be00000|  0%| F|  |TAMS 0x000000070bc00000| PB 0x000000070bc00000| Untracked |  0
|  78|0x000000070be00000, 0x000000070be00000, 0x000000070c000000|  0%| F|  |TAMS 0x000000070be00000| PB 0x000000070be00000| Untracked |  0
|  79|0x000000070c000000, 0x000000070c000000, 0x000000070c200000|  0%| F|  |TAMS 0x000000070c000000| PB 0x000000070c000000| Untracked |  0
|  80|0x000000070c200000, 0x000000070c200000, 0x000000070c400000|  0%| F|  |TAMS 0x000000070c200000| PB 0x000000070c200000| Untracked |  0
|  81|0x000000070c400000, 0x000000070c400000, 0x000000070c600000|  0%| F|  |TAMS 0x000000070c400000| PB 0x000000070c400000| Untracked |  0
|  82|0x000000070c600000, 0x000000070c600000, 0x000000070c800000|  0%| F|  |TAMS 0x000000070c600000| PB 0x000000070c600000| Untracked |  0
|  83|0x000000070c800000, 0x000000070c800000, 0x000000070ca00000|  0%| F|  |TAMS 0x000000070c800000| PB 0x000000070c800000| Untracked |  0
|  84|0x000000070ca00000, 0x000000070ca00000, 0x000000070cc00000|  0%| F|  |TAMS 0x000000070ca00000| PB 0x000000070ca00000| Untracked |  0
|  85|0x000000070cc00000, 0x000000070cc00000, 0x000000070ce00000|  0%| F|  |TAMS 0x000000070cc00000| PB 0x000000070cc00000| Untracked |  0
|  86|0x000000070ce00000, 0x000000070ce00000, 0x000000070d000000|  0%| F|  |TAMS 0x000000070ce00000| PB 0x000000070ce00000| Untracked |  0
|  87|0x000000070d000000, 0x000000070d000000, 0x000000070d200000|  0%| F|  |TAMS 0x000000070d000000| PB 0x000000070d000000| Untracked |  0
|  88|0x000000070d200000, 0x000000070d200000, 0x000000070d400000|  0%| F|  |TAMS 0x000000070d200000| PB 0x000000070d200000| Untracked |  0
|  89|0x000000070d400000, 0x000000070d400000, 0x000000070d600000|  0%| F|  |TAMS 0x000000070d400000| PB 0x000000070d400000| Untracked |  0
|  90|0x000000070d600000, 0x000000070d600000, 0x000000070d800000|  0%| F|  |TAMS 0x000000070d600000| PB 0x000000070d600000| Untracked |  0
|  91|0x000000070d800000, 0x000000070d800000, 0x000000070da00000|  0%| F|  |TAMS 0x000000070d800000| PB 0x000000070d800000| Untracked |  0
|  92|0x000000070da00000, 0x000000070da00000, 0x000000070dc00000|  0%| F|  |TAMS 0x000000070da00000| PB 0x000000070da00000| Untracked |  0
|  93|0x000000070dc00000, 0x000000070dc00000, 0x000000070de00000|  0%| F|  |TAMS 0x000000070dc00000| PB 0x000000070dc00000| Untracked |  0
|  94|0x000000070de00000, 0x000000070de00000, 0x000000070e000000|  0%| F|  |TAMS 0x000000070de00000| PB 0x000000070de00000| Untracked |  0
|  95|0x000000070e000000, 0x000000070e000000, 0x000000070e200000|  0%| F|  |TAMS 0x000000070e000000| PB 0x000000070e000000| Untracked |  0
|  96|0x000000070e200000, 0x000000070e200000, 0x000000070e400000|  0%| F|  |TAMS 0x000000070e200000| PB 0x000000070e200000| Untracked |  0
|  97|0x000000070e400000, 0x000000070e400000, 0x000000070e600000|  0%| F|  |TAMS 0x000000070e400000| PB 0x000000070e400000| Untracked |  0
|  98|0x000000070e600000, 0x000000070e600000, 0x000000070e800000|  0%| F|  |TAMS 0x000000070e600000| PB 0x000000070e600000| Untracked |  0
|  99|0x000000070e800000, 0x000000070e800000, 0x000000070ea00000|  0%| F|  |TAMS 0x000000070e800000| PB 0x000000070e800000| Untracked |  0
| 100|0x000000070ea00000, 0x000000070ea00000, 0x000000070ec00000|  0%| F|  |TAMS 0x000000070ea00000| PB 0x000000070ea00000| Untracked |  0
| 101|0x000000070ec00000, 0x000000070ec00000, 0x000000070ee00000|  0%| F|  |TAMS 0x000000070ec00000| PB 0x000000070ec00000| Untracked |  0
| 102|0x000000070ee00000, 0x000000070ee00000, 0x000000070f000000|  0%| F|  |TAMS 0x000000070ee00000| PB 0x000000070ee00000| Untracked |  0
| 103|0x000000070f000000, 0x000000070f000000, 0x000000070f200000|  0%| F|  |TAMS 0x000000070f000000| PB 0x000000070f000000| Untracked |  0
| 104|0x000000070f200000, 0x000000070f200000, 0x000000070f400000|  0%| F|  |TAMS 0x000000070f200000| PB 0x000000070f200000| Untracked |  0
| 105|0x000000070f400000, 0x000000070f400000, 0x000000070f600000|  0%| F|  |TAMS 0x000000070f400000| PB 0x000000070f400000| Untracked |  0
| 106|0x000000070f600000, 0x000000070f600000, 0x000000070f800000|  0%| F|  |TAMS 0x000000070f600000| PB 0x000000070f600000| Untracked |  0
| 107|0x000000070f800000, 0x000000070f800000, 0x000000070fa00000|  0%| F|  |TAMS 0x000000070f800000| PB 0x000000070f800000| Untracked |  0
| 108|0x000000070fa00000, 0x000000070fa00000, 0x000000070fc00000|  0%| F|  |TAMS 0x000000070fa00000| PB 0x000000070fa00000| Untracked |  0
| 109|0x000000070fc00000, 0x000000070fc00000, 0x000000070fe00000|  0%| F|  |TAMS 0x000000070fc00000| PB 0x000000070fc00000| Untracked |  0
| 110|0x000000070fe00000, 0x000000070fe00000, 0x0000000710000000|  0%| F|  |TAMS 0x000000070fe00000| PB 0x000000070fe00000| Untracked |  0
| 111|0x0000000710000000, 0x0000000710000000, 0x0000000710200000|  0%| F|  |TAMS 0x0000000710000000| PB 0x0000000710000000| Untracked |  0
| 112|0x0000000710200000, 0x0000000710200000, 0x0000000710400000|  0%| F|  |TAMS 0x0000000710200000| PB 0x0000000710200000| Untracked |  0
| 113|0x0000000710400000, 0x0000000710400000, 0x0000000710600000|  0%| F|  |TAMS 0x0000000710400000| PB 0x0000000710400000| Untracked |  0
| 114|0x0000000710600000, 0x0000000710600000, 0x0000000710800000|  0%| F|  |TAMS 0x0000000710600000| PB 0x0000000710600000| Untracked |  0
| 115|0x0000000710800000, 0x00000007108345a8, 0x0000000710a00000| 10%| S|CS|TAMS 0x0000000710800000| PB 0x0000000710800000| Complete |  0
| 116|0x0000000710a00000, 0x0000000710c00000, 0x0000000710c00000|100%| S|CS|TAMS 0x0000000710a00000| PB 0x0000000710a00000| Complete |  0
| 117|0x0000000710c00000, 0x0000000710c00000, 0x0000000710e00000|  0%| F|  |TAMS 0x0000000710c00000| PB 0x0000000710c00000| Untracked |  0
| 118|0x0000000710e00000, 0x0000000710e00000, 0x0000000711000000|  0%| F|  |TAMS 0x0000000710e00000| PB 0x0000000710e00000| Untracked |  0
| 119|0x0000000711000000, 0x0000000711087a60, 0x0000000711200000| 26%| E|  |TAMS 0x0000000711000000| PB 0x0000000711000000| Complete |  0
| 120|0x0000000711200000, 0x0000000711400000, 0x0000000711400000|100%| E|CS|TAMS 0x0000000711200000| PB 0x0000000711200000| Complete |  0
| 121|0x0000000711400000, 0x0000000711600000, 0x0000000711600000|100%| E|CS|TAMS 0x0000000711400000| PB 0x0000000711400000| Complete |  0
| 122|0x0000000711600000, 0x0000000711800000, 0x0000000711800000|100%| E|  |TAMS 0x0000000711600000| PB 0x0000000711600000| Complete |  0
| 123|0x0000000711800000, 0x0000000711a00000, 0x0000000711a00000|100%| E|CS|TAMS 0x0000000711800000| PB 0x0000000711800000| Complete |  0
| 124|0x0000000711a00000, 0x0000000711c00000, 0x0000000711c00000|100%| E|CS|TAMS 0x0000000711a00000| PB 0x0000000711a00000| Complete |  0
| 125|0x0000000711c00000, 0x0000000711e00000, 0x0000000711e00000|100%| E|CS|TAMS 0x0000000711c00000| PB 0x0000000711c00000| Complete |  0
| 126|0x0000000711e00000, 0x0000000712000000, 0x0000000712000000|100%| E|CS|TAMS 0x0000000711e00000| PB 0x0000000711e00000| Complete |  0

Card table byte_map: [0x000001b8551e0000,0x000001b8559d0000] _byte_map_base: 0x000001b8519cf000

Marking Bits: (CMBitMap*) 0x000001b83cee83f0
 Bits: [0x000001b8559d0000, 0x000001b859948000)

Polling page: 0x000001b83ac20000

Metaspace:

Usage:
  Non-class:     13.64 MB used.
      Class:      1.93 MB used.
       Both:     15.57 MB used.

Virtual space:
  Non-class space:       64.00 MB reserved,      13.88 MB ( 22%) committed,  1 nodes.
      Class space:        1.00 GB reserved,       2.12 MB ( <1%) committed,  1 nodes.
             Both:        1.06 GB reserved,      16.00 MB (  1%) committed. 

Chunk freelists:
   Non-Class:  1.67 MB
       Class:  13.80 MB
        Both:  15.47 MB

MaxMetaspaceSize: unlimited
CompressedClassSpaceSize: 1.00 GB
Initial GC threshold: 21.00 MB
Current GC threshold: 21.00 MB
CDS: on
 - commit_granule_bytes: 65536.
 - commit_granule_words: 8192.
 - virtual_space_node_default_size: 8388608.
 - enlarge_chunks_in_place: 1.
 - use_allocation_guard: 0.


Internal statistics:

num_allocs_failed_limit: 0.
num_arena_births: 360.
num_arena_deaths: 0.
num_vsnodes_births: 2.
num_vsnodes_deaths: 0.
num_space_committed: 256.
num_space_uncommitted: 0.
num_chunks_returned_to_freelist: 0.
num_chunks_taken_from_freelist: 877.
num_chunk_merges: 0.
num_chunk_splits: 547.
num_chunks_enlarged: 343.
num_inconsistent_stats: 0.

CodeHeap 'non-profiled nmethods': size=120064Kb used=703Kb max_used=703Kb free=119360Kb
 bounds [0x000001b84d070000, 0x000001b84d2e0000, 0x000001b8545b0000]
CodeHeap 'profiled nmethods': size=120000Kb used=3366Kb max_used=3366Kb free=116633Kb
 bounds [0x000001b8455b0000, 0x000001b845900000, 0x000001b84cae0000]
CodeHeap 'non-nmethods': size=5696Kb used=1446Kb max_used=1467Kb free=4249Kb
 bounds [0x000001b84cae0000, 0x000001b84cd50000, 0x000001b84d070000]
CodeCache: size=245760Kb, used=5515Kb, max_used=5536Kb, free=240242Kb
 total_blobs=2907, nmethods=2365, adapters=447, full_count=0
Compilation: enabled, stopped_count=0, restarted_count=0

Compilation events (20 events):
Event: 1.583 Thread 0x000001b85c3c0ca0 nmethod 2269 0x000001b8458ca788 code [0x000001b8458ca940, 0x000001b8458cb3a8]
Event: 1.583 Thread 0x000001b85c3c0ca0 2279       3       sun.util.locale.BaseLocale::<init> (26 bytes)
Event: 1.583 Thread 0x000001b85c3c0ca0 nmethod 2279 0x000001b8458cb408 code [0x000001b8458cb540, 0x000001b8458cb838]
Event: 1.583 Thread 0x000001b85c3c0ca0 2286       3       sun.util.locale.StringTokenIterator::nextDelimiter (116 bytes)
Event: 1.585 Thread 0x000001b85c3c0ca0 nmethod 2286 0x000001b8458cb888 code [0x000001b8458cbb20, 0x000001b8458cceb8]
Event: 1.585 Thread 0x000001b85c3c0ca0 2287       3       sun.util.locale.LocaleUtils::isAlphaString (33 bytes)
Event: 1.586 Thread 0x000001b85c3c0ca0 nmethod 2287 0x000001b8458ccf88 code [0x000001b8458cd140, 0x000001b8458cd9c8]
Event: 1.586 Thread 0x000001b85c3c0ca0 2289       3       sun.util.locale.LocaleUtils::toUpperString (95 bytes)
Event: 1.587 Thread 0x000001b85c3c0ca0 nmethod 2289 0x000001b8458cda88 code [0x000001b8458cdce0, 0x000001b8458ced58]
Event: 1.587 Thread 0x000001b85c3c0ca0 2284       3       sun.util.locale.StringTokenIterator::next (74 bytes)
Event: 1.588 Thread 0x000001b85c3c0ca0 nmethod 2284 0x000001b8458cee08 code [0x000001b8458cef60, 0x000001b8458cf3c0]
Event: 1.588 Thread 0x000001b85c3c0ca0 2285       3       sun.util.locale.StringTokenIterator::hasNext (20 bytes)
Event: 1.588 Thread 0x000001b85c3c0ca0 nmethod 2285 0x000001b8458cf408 code [0x000001b8458cf540, 0x000001b8458cf7a0]
Event: 1.588 Thread 0x000001b85c3c0ca0 2280       3       sun.util.locale.InternalLocaleBuilder::clearExtensions (50 bytes)
Event: 1.589 Thread 0x000001b85c3c0ca0 nmethod 2280 0x000001b8458cf808 code [0x000001b8458cf960, 0x000001b8458cfd70]
Event: 1.589 Thread 0x000001b85c3c0ca0 2288       3       sun.util.locale.LocaleUtils::isEmpty (19 bytes)
Event: 1.589 Thread 0x000001b85c3c0ca0 nmethod 2288 0x000001b8458cfd88 code [0x000001b8458cfec0, 0x000001b8458d00e8]
Event: 1.589 Thread 0x000001b85c3c0ca0 2281       3       jdk.internal.util.SoftReferenceKey::<init> (15 bytes)
Event: 1.589 Thread 0x000001b85c3c0ca0 nmethod 2281 0x000001b8458d0108 code [0x000001b8458d0260, 0x000001b8458d0718]
Event: 1.589 Thread 0x000001b85c3c0ca0 2295       3       sun.util.locale.BaseLocale::getInstance (148 bytes)

GC Heap History (4 events):
Event: 0.864 GC heap before
{Heap before GC invocations=0 (full 0):
 garbage-first heap   total reserved 4159488K, committed 260096K, used 22528K [0x0000000702200000, 0x0000000800000000)
  region size 2048K, 12 young (24576K), 0 survivors (0K)
 Metaspace       used 5646K, committed 5888K, reserved 1114112K
  class space    used 672K, committed 768K, reserved 1048576K
}
Event: 0.868 GC heap after
{Heap after GC invocations=1 (full 0):
 garbage-first heap   total reserved 4159488K, committed 260096K, used 7251K [0x0000000702200000, 0x0000000800000000)
  region size 2048K, 2 young (4096K), 2 survivors (4096K)
 Metaspace       used 5646K, committed 5888K, reserved 1114112K
  class space    used 672K, committed 768K, reserved 1048576K
}
Event: 1.467 GC heap before
{Heap before GC invocations=1 (full 0):
 garbage-first heap   total reserved 4159488K, committed 260096K, used 27731K [0x0000000702200000, 0x0000000800000000)
  region size 2048K, 12 young (24576K), 2 survivors (4096K)
 Metaspace       used 12289K, committed 12672K, reserved 1114112K
  class space    used 1568K, committed 1728K, reserved 1048576K
}
Event: 1.471 GC heap after
{Heap after GC invocations=2 (full 0):
 garbage-first heap   total reserved 4159488K, committed 260096K, used 10073K [0x0000000702200000, 0x0000000800000000)
  region size 2048K, 2 young (4096K), 2 survivors (4096K)
 Metaspace       used 12289K, committed 12672K, reserved 1114112K
  class space    used 1568K, committed 1728K, reserved 1048576K
}

Dll operation events (12 events):
Event: 0.013 Loaded shared library C:\Users\i n f i n i t y\.jdks\openjdk-23.0.1\bin\java.dll
Event: 0.053 Loaded shared library C:\Users\i n f i n i t y\.jdks\openjdk-23.0.1\bin\jsvml.dll
Event: 0.153 Loaded shared library C:\Users\i n f i n i t y\.jdks\openjdk-23.0.1\bin\zip.dll
Event: 0.157 Loaded shared library C:\Users\i n f i n i t y\.jdks\openjdk-23.0.1\bin\instrument.dll
Event: 0.162 Loaded shared library C:\Users\i n f i n i t y\.jdks\openjdk-23.0.1\bin\net.dll
Event: 0.163 Loaded shared library C:\Users\i n f i n i t y\.jdks\openjdk-23.0.1\bin\nio.dll
Event: 0.166 Loaded shared library C:\Users\i n f i n i t y\.jdks\openjdk-23.0.1\bin\zip.dll
Event: 0.269 Loaded shared library C:\Users\i n f i n i t y\AppData\Local\JetBrains\IntelliJ IDEA Community Edition 2023.3.6\bin\breakgen64.dll
Event: 0.279 Loaded shared library C:\Users\i n f i n i t y\.jdks\openjdk-23.0.1\bin\extnet.dll
Event: 0.333 Loaded shared library C:\Users\i n f i n i t y\.jdks\openjdk-23.0.1\bin\jimage.dll
Event: 0.667 Loaded shared library C:\Users\i n f i n i t y\.jdks\openjdk-23.0.1\bin\management.dll
Event: 0.674 Loaded shared library C:\Users\i n f i n i t y\.jdks\openjdk-23.0.1\bin\management_ext.dll

Deoptimization events (20 events):
Event: 1.506 Thread 0x000001b85c4a5030 Uncommon trap: trap_request=0xffffff45 fr.pc=0x000001b84d0de07c relative=0x00000000000001bc
Event: 1.506 Thread 0x000001b85c4a5030 Uncommon trap: reason=unstable_if action=reinterpret pc=0x000001b84d0de07c method=java.util.concurrent.ConcurrentHashMap.addCount(JI)V @ 171 c2
Event: 1.506 Thread 0x000001b85c4a5030 DEOPT PACKING pc=0x000001b84d0de07c sp=0x00000002126fe3b0
Event: 1.506 Thread 0x000001b85c4a5030 DEOPT UNPACKING pc=0x000001b84cb34402 sp=0x00000002126fe2f0 mode 2
Event: 1.506 Thread 0x000001b85c4a5030 Uncommon trap: trap_request=0xffffff45 fr.pc=0x000001b84d10efc4 relative=0x00000000000016a4
Event: 1.506 Thread 0x000001b85c4a5030 Uncommon trap: reason=unstable_if action=reinterpret pc=0x000001b84d10efc4 method=java.util.concurrent.ConcurrentHashMap.transfer([Ljava/util/concurrent/ConcurrentHashMap$Node;[Ljava/util/concurrent/ConcurrentHashMap$Node;)V @ 34 c2
Event: 1.506 Thread 0x000001b85c4a5030 DEOPT PACKING pc=0x000001b84d10efc4 sp=0x00000002126fe230
Event: 1.506 Thread 0x000001b85c4a5030 DEOPT UNPACKING pc=0x000001b84cb34402 sp=0x00000002126fe1c0 mode 2
Event: 1.506 Thread 0x000001b85c4a56c0 Uncommon trap: trap_request=0xffffff45 fr.pc=0x000001b84d105770 relative=0x00000000000012d0
Event: 1.506 Thread 0x000001b85c4a56c0 Uncommon trap: reason=unstable_if action=reinterpret pc=0x000001b84d105770 method=java.util.concurrent.ConcurrentHashMap.transfer([Ljava/util/concurrent/ConcurrentHashMap$Node;[Ljava/util/concurrent/ConcurrentHashMap$Node;)V @ 273 c2
Event: 1.506 Thread 0x000001b85c4a56c0 DEOPT PACKING pc=0x000001b84d105770 sp=0x0000000212cf9620
Event: 1.506 Thread 0x000001b85c4a56c0 DEOPT UNPACKING pc=0x000001b84cb34402 sp=0x0000000212cf9590 mode 2
Event: 1.506 Thread 0x000001b85c4a56c0 Uncommon trap: trap_request=0xffffff45 fr.pc=0x000001b84d0de07c relative=0x00000000000001bc
Event: 1.506 Thread 0x000001b85c4a56c0 Uncommon trap: reason=unstable_if action=reinterpret pc=0x000001b84d0de07c method=java.util.concurrent.ConcurrentHashMap.addCount(JI)V @ 171 c2
Event: 1.506 Thread 0x000001b85c4a56c0 DEOPT PACKING pc=0x000001b84d0de07c sp=0x0000000212cf9700
Event: 1.506 Thread 0x000001b85c4a56c0 DEOPT UNPACKING pc=0x000001b84cb34402 sp=0x0000000212cf9640 mode 2
Event: 1.527 Thread 0x000001b85c4a5030 Uncommon trap: trap_request=0xffffffc6 fr.pc=0x000001b84d0c0ed4 relative=0x00000000000003f4
Event: 1.527 Thread 0x000001b85c4a5030 Uncommon trap: reason=bimorphic_or_optimized_type_check action=maybe_recompile pc=0x000001b84d0c0ed4 method=java.util.concurrent.ConcurrentHashMap.get(Ljava/lang/Object;)Ljava/lang/Object; @ 149 c2
Event: 1.527 Thread 0x000001b85c4a5030 DEOPT PACKING pc=0x000001b84d0c0ed4 sp=0x00000002126fd860
Event: 1.527 Thread 0x000001b85c4a5030 DEOPT UNPACKING pc=0x000001b84cb34402 sp=0x00000002126fd7e0 mode 2

Classes loaded (20 events):
Event: 1.538 Loading class java/lang/annotation/Repeatable
Event: 1.538 Loading class java/lang/annotation/Repeatable done
Event: 1.548 Loading class java/beans/Transient
Event: 1.549 Loading class java/beans/Transient done
Event: 1.549 Loading class java/beans/ConstructorProperties
Event: 1.549 Loading class java/beans/ConstructorProperties done
Event: 1.553 Loading class java/io/InvalidObjectException
Event: 1.553 Loading class java/io/InvalidObjectException done
Event: 1.556 Loading class java/util/concurrent/ConcurrentLinkedQueue
Event: 1.556 Loading class java/util/concurrent/ConcurrentLinkedQueue done
Event: 1.556 Loading class java/util/concurrent/ConcurrentLinkedQueue$Node
Event: 1.557 Loading class java/util/concurrent/ConcurrentLinkedQueue$Node done
Event: 1.559 Loading class java/util/concurrent/atomic/AtomicLongArray
Event: 1.559 Loading class java/util/concurrent/atomic/AtomicLongArray done
Event: 1.559 Loading class java/lang/invoke/VarHandleLongs$Array
Event: 1.559 Loading class java/lang/invoke/VarHandleLongs$Array done
Event: 1.560 Loading class java/util/concurrent/atomic/AtomicReferenceArray
Event: 1.560 Loading class java/util/concurrent/atomic/AtomicReferenceArray done
Event: 1.560 Loading class java/lang/invoke/VarHandleReferences$Array
Event: 1.560 Loading class java/lang/invoke/VarHandleReferences$Array done

Classes unloaded (0 events):
No events

Classes redefined (0 events):
No events

Internal exceptions (20 events):
Event: 1.163 Thread 0x000001b85c4a5030 Exception <a 'java/lang/NoSuchMethodError'{0x00000007116d43f0}: 'int java.lang.invoke.DirectMethodHandle$Holder.invokeStaticInit(java.lang.Object, float, float)'> (0x00000007116d43f0) 
thrown [s\open\src\hotspot\share\interpreter\linkResolver.cpp, line 796]
Event: 1.164 Thread 0x000001b85c4a5030 Exception <a 'java/lang/NoSuchMethodError'{0x00000007116db140}: 'int java.lang.invoke.DirectMethodHandle$Holder.invokeStaticInit(java.lang.Object, double, double)'> (0x00000007116db140) 
thrown [s\open\src\hotspot\share\interpreter\linkResolver.cpp, line 796]
Event: 1.164 Thread 0x000001b85c4a5030 Exception <a 'java/lang/NoSuchMethodError'{0x00000007116df960}: 'int java.lang.invoke.DirectMethodHandle$Holder.invokeStatic(java.lang.Object, long)'> (0x00000007116df960) 
thrown [s\open\src\hotspot\share\interpreter\linkResolver.cpp, line 796]
Event: 1.168 Thread 0x000001b85c4a5030 Exception <a 'java/lang/NoSuchMethodError'{0x0000000711702280}: 'int java.lang.invoke.Invokers$Holder.linkToTargetMethod(java.lang.Object, java.lang.Object)'> (0x0000000711702280) 
thrown [s\open\src\hotspot\share\interpreter\linkResolver.cpp, line 796]
Event: 1.185 Thread 0x000001b85c4a5030 Exception <a 'java/lang/NoSuchMethodError'{0x00000007117868c0}: 'java.lang.Object java.lang.invoke.DirectMethodHandle$Holder.invokeSpecial(java.lang.Object, java.lang.Object, java.lang.Object, int, java.lang.Object)'> (0x00000007117868c0) 
thrown [s\open\src\hotspot\share\interpreter\linkResolver.cpp, line 796]
Event: 1.186 Thread 0x000001b85c4a5030 Exception <a 'java/lang/NoSuchMethodError'{0x000000071178e7c8}: 'java.lang.Object java.lang.invoke.DirectMethodHandle$Holder.newInvokeSpecial(java.lang.Object, java.lang.Object, java.lang.Object, int, java.lang.Object)'> (0x000000071178e7c8) 
thrown [s\open\src\hotspot\share\interpreter\linkResolver.cpp, line 796]
Event: 1.186 Thread 0x000001b85c4a5030 Exception <a 'java/lang/NoSuchMethodError'{0x0000000711795da0}: 'java.lang.Object java.lang.invoke.Invokers$Holder.linkToTargetMethod(java.lang.Object, java.lang.Object, int, java.lang.Object, java.lang.Object)'> (0x0000000711795da0) 
thrown [s\open\src\hotspot\share\interpreter\linkResolver.cpp, line 796]
Event: 1.187 Thread 0x000001b85c4a5030 Exception <a 'java/lang/NoSuchMethodError'{0x000000071179d9e0}: 'int java.lang.invoke.DirectMethodHandle$Holder.invokeStatic(java.lang.Object, int, java.lang.Object, java.lang.Object)'> (0x000000071179d9e0) 
thrown [s\open\src\hotspot\share\interpreter\linkResolver.cpp, line 796]
Event: 1.187 Thread 0x000001b85c4a5030 Exception <a 'java/lang/NoSuchMethodError'{0x00000007117a4ba8}: 'java.lang.Object java.lang.invoke.DirectMethodHandle$Holder.newInvokeSpecial(java.lang.Object, int, java.lang.Object)'> (0x00000007117a4ba8) 
thrown [s\open\src\hotspot\share\interpreter\linkResolver.cpp, line 796]
Event: 1.188 Thread 0x000001b85c4a5030 Exception <a 'java/lang/NoSuchMethodError'{0x00000007117a9730}: 'int java.lang.invoke.DirectMethodHandle$Holder.invokeSpecialIFC(java.lang.Object, java.lang.Object, java.lang.Object, java.lang.Object)'> (0x00000007117a9730) 
thrown [s\open\src\hotspot\share\interpreter\linkResolver.cpp, line 796]
Event: 1.209 Thread 0x000001b85c4a5030 Exception <a 'java/lang/NoSuchMethodError'{0x0000000711454448}: 'void java.lang.invoke.DirectMethodHandle$Holder.invokeInterface(java.lang.Object, java.lang.Object, java.lang.Object)'> (0x0000000711454448) 
thrown [s\open\src\hotspot\share\interpreter\linkResolver.cpp, line 796]
Event: 1.233 Thread 0x000001b85c4a5030 Exception <a 'java/lang/NoSuchMethodError'{0x00000007114f40d8}: 'void java.lang.invoke.DirectMethodHandle$Holder.invokeStaticInit(java.lang.Object, java.lang.Object, java.lang.Object)'> (0x00000007114f40d8) 
thrown [s\open\src\hotspot\share\interpreter\linkResolver.cpp, line 796]
Event: 1.244 Thread 0x000001b85c4a5030 Exception <a 'java/lang/NoSuchMethodError'{0x0000000711542f10}: 'java.lang.Object java.lang.invoke.DirectMethodHandle$Holder.invokeVirtual(java.lang.Object, java.lang.Object, java.lang.Object)'> (0x0000000711542f10) 
thrown [s\open\src\hotspot\share\interpreter\linkResolver.cpp, line 796]
Event: 1.265 Thread 0x000001b85c4a5030 Exception <a 'java/lang/NoSuchMethodError'{0x00000007115f9958}: 'void java.lang.invoke.DirectMethodHandle$Holder.invokeVirtual(java.lang.Object, java.lang.Object, java.lang.Object, java.lang.Object)'> (0x00000007115f9958) 
thrown [s\open\src\hotspot\share\interpreter\linkResolver.cpp, line 796]
Event: 1.358 Thread 0x000001b85c4a56c0 Exception <a 'java/lang/NoClassDefFoundError'{0x000000071104ef60}: jakarta/validation/Validation> (0x000000071104ef60) 
thrown [s\open\src\hotspot\share\classfile\systemDictionary.cpp, line 302]
Event: 1.360 Thread 0x000001b85c4a5030 Exception <a 'java/lang/NoSuchMethodError'{0x0000000711068b70}: 'java.lang.reflect.Field[] java.lang.Class.getDeclaredFields(java.lang.Class)'> (0x0000000711068b70) 
thrown [s\open\src\hotspot\share\interpreter\linkResolver.cpp, line 796]
Event: 1.362 Thread 0x000001b85c4a5030 Exception <a 'java/lang/NoSuchMethodError'{0x000000071106d580}: 'java.lang.Object java.lang.invoke.DirectMethodHandle$Holder.invokeStatic(java.lang.Object, java.lang.Object, int)'> (0x000000071106d580) 
thrown [s\open\src\hotspot\share\interpreter\linkResolver.cpp, line 796]
Event: 1.363 Thread 0x000001b85c4a5030 Exception <a 'java/lang/NoSuchMethodError'{0x00000007110784b0}: 'void java.lang.invoke.DelegatingMethodHandle$Holder.delegate(java.lang.Object, java.lang.Object, int, java.lang.Object)'> (0x00000007110784b0) 
thrown [s\open\src\hotspot\share\interpreter\linkResolver.cpp, line 796]
Event: 1.376 Thread 0x000001b85c4a5030 Exception <a 'java/lang/IncompatibleClassChangeError'{0x00000007111a24e0}: Found class java.lang.Object, but interface was expected> (0x00000007111a24e0) 
thrown [s\open\src\hotspot\share\interpreter\linkResolver.cpp, line 863]
Event: 1.496 Thread 0x000001b85c4a5030 Exception <a 'java/lang/NoSuchMethodError'{0x0000000711fe9570}: 'java.lang.Object java.lang.invoke.DirectMethodHandle$Holder.invokeStatic(java.lang.Object, int, java.lang.Object)'> (0x0000000711fe9570) 
thrown [s\open\src\hotspot\share\interpreter\linkResolver.cpp, line 796]

VM Operations (20 events):
Event: 0.616 Executing VM operation: HandshakeAllThreads (Deoptimize)
Event: 0.616 Executing VM operation: HandshakeAllThreads (Deoptimize) done
Event: 0.661 Executing VM operation: HandshakeAllThreads (Deoptimize)
Event: 0.662 Executing VM operation: HandshakeAllThreads (Deoptimize) done
Event: 0.862 Executing VM operation: HandshakeAllThreads (Deoptimize)
Event: 0.862 Executing VM operation: HandshakeAllThreads (Deoptimize) done
Event: 0.864 Executing VM operation: G1CollectForAllocation (G1 Evacuation Pause)
Event: 0.868 Executing VM operation: G1CollectForAllocation (G1 Evacuation Pause) done
Event: 1.204 Executing VM operation: HandshakeAllThreads (Deoptimize)
Event: 1.205 Executing VM operation: HandshakeAllThreads (Deoptimize) done
Event: 1.344 Executing VM operation: HandshakeAllThreads (Deoptimize)
Event: 1.344 Executing VM operation: HandshakeAllThreads (Deoptimize) done
Event: 1.348 Executing VM operation: HandshakeAllThreads (Deoptimize)
Event: 1.348 Executing VM operation: HandshakeAllThreads (Deoptimize) done
Event: 1.349 Executing VM operation: HandshakeAllThreads (Deoptimize)
Event: 1.349 Executing VM operation: HandshakeAllThreads (Deoptimize) done
Event: 1.361 Executing VM operation: HandshakeAllThreads (Deoptimize)
Event: 1.361 Executing VM operation: HandshakeAllThreads (Deoptimize) done
Event: 1.467 Executing VM operation: G1CollectForAllocation (G1 Evacuation Pause)
Event: 1.471 Executing VM operation: G1CollectForAllocation (G1 Evacuation Pause) done

Memory protections (0 events):
No events

Nmethod flushes (0 events):
No events

Events (17 events):
Event: 0.031 Thread 0x000001b83ac8feb0 Thread added: 0x000001b83ac8feb0
Event: 0.050 Thread 0x000001b83ac8feb0 Thread added: 0x000001b85c385620
Event: 0.050 Thread 0x000001b83ac8feb0 Thread added: 0x000001b85c386340
Event: 0.050 Thread 0x000001b83ac8feb0 Thread added: 0x000001b85c3881e0
Event: 0.050 Thread 0x000001b83ac8feb0 Thread added: 0x000001b85c389db0
Event: 0.050 Thread 0x000001b83ac8feb0 Thread added: 0x000001b85c38b030
Event: 0.050 Thread 0x000001b83ac8feb0 Thread added: 0x000001b85c3911c0
Event: 0.050 Thread 0x000001b83ac8feb0 Thread added: 0x000001b85c39dda0
Event: 0.051 Thread 0x000001b83ac8feb0 Thread added: 0x000001b85c3c0ca0
Event: 0.128 Thread 0x000001b83ac8feb0 Thread added: 0x000001b85c4a4310
Event: 0.186 Thread 0x000001b85c3c0ca0 Thread added: 0x000001b85c648e20
Event: 0.270 Thread 0x000001b83ac8feb0 Thread added: 0x000001b85c4a35f0
Event: 0.270 Thread 0x000001b83ac8feb0 Thread added: 0x000001b85c4a3c80
Event: 0.743 Thread 0x000001b83ac8feb0 Thread added: 0x000001b85c4a49a0
Event: 0.753 Thread 0x000001b85c4a49a0 Thread added: 0x000001b85c4a5030
Event: 1.355 Thread 0x000001b85c4a5030 Thread added: 0x000001b85c4a56c0
Event: 1.569 Thread 0x000001b85c3c0ca0 Thread added: 0x000001b8a28523d0


Dynamic libraries:
0x00007ff68f6b0000 - 0x00007ff68f6be000 	C:\Users\i n f i n i t y\.jdks\openjdk-23.0.1\bin\java.exe
0x00007ff841730000 - 0x00007ff841928000 	C:\Windows\SYSTEM32\ntdll.dll
0x00007ff83f9c0000 - 0x00007ff83fa82000 	C:\Windows\System32\KERNEL32.DLL
0x00007ff83f320000 - 0x00007ff83f616000 	C:\Windows\System32\KERNELBASE.dll
0x00007ff83f0b0000 - 0x00007ff83f1b0000 	C:\Windows\System32\ucrtbase.dll
0x00007ff82ca70000 - 0x00007ff82ca8b000 	C:\Users\i n f i n i t y\.jdks\openjdk-23.0.1\bin\VCRUNTIME140.dll
0x00007ff82cbe0000 - 0x00007ff82cbf7000 	C:\Users\i n f i n i t y\.jdks\openjdk-23.0.1\bin\jli.dll
0x00007ff840880000 - 0x00007ff840a1d000 	C:\Windows\System32\USER32.dll
0x00007ff82b450000 - 0x00007ff82b6ea000 	C:\Windows\WinSxS\amd64_microsoft.windows.common-controls_6595b64144ccf1df_6.0.19041.5915_none_60b4b9d171f9c7c7\COMCTL32.dll
0x00007ff83ee90000 - 0x00007ff83eeb2000 	C:\Windows\System32\win32u.dll
0x00007ff840b40000 - 0x00007ff840bde000 	C:\Windows\System32\msvcrt.dll
0x00007ff8416c0000 - 0x00007ff8416eb000 	C:\Windows\System32\GDI32.dll
0x00007ff83f1b0000 - 0x00007ff83f2c9000 	C:\Windows\System32\gdi32full.dll
0x00007ff83edc0000 - 0x00007ff83ee5d000 	C:\Windows\System32\msvcp_win.dll
0x00007ff840a30000 - 0x00007ff840a5f000 	C:\Windows\System32\IMM32.DLL
0x00007ff82cb10000 - 0x00007ff82cb1c000 	C:\Users\i n f i n i t y\.jdks\openjdk-23.0.1\bin\vcruntime140_1.dll
0x00007ff810d90000 - 0x00007ff810e1e000 	C:\Users\i n f i n i t y\.jdks\openjdk-23.0.1\bin\msvcp140.dll
0x00007fffc8ad0000 - 0x00007fffc981f000 	C:\Users\i n f i n i t y\.jdks\openjdk-23.0.1\bin\server\jvm.dll
0x00007ff83f860000 - 0x00007ff83f911000 	C:\Windows\System32\ADVAPI32.dll
0x00007ff83f920000 - 0x00007ff83f9bf000 	C:\Windows\System32\sechost.dll
0x00007ff83fe10000 - 0x00007ff83ff33000 	C:\Windows\System32\RPCRT4.dll
0x00007ff83ee60000 - 0x00007ff83ee87000 	C:\Windows\System32\bcrypt.dll
0x00007ff840790000 - 0x00007ff8407fb000 	C:\Windows\System32\WS2_32.dll
0x00007ff83e350000 - 0x00007ff83e39b000 	C:\Windows\SYSTEM32\POWRPROF.dll
0x00007ff82d630000 - 0x00007ff82d657000 	C:\Windows\SYSTEM32\WINMM.dll
0x00007ff83a250000 - 0x00007ff83a25a000 	C:\Windows\SYSTEM32\VERSION.dll
0x00007ff83e1c0000 - 0x00007ff83e1d2000 	C:\Windows\SYSTEM32\UMPDC.dll
0x00007ff83cc40000 - 0x00007ff83cc52000 	C:\Windows\SYSTEM32\kernel.appcore.dll
0x00007ff82bd60000 - 0x00007ff82bd6a000 	C:\Users\i n f i n i t y\.jdks\openjdk-23.0.1\bin\jimage.dll
0x00007ff82bb40000 - 0x00007ff82bd41000 	C:\Windows\SYSTEM32\DBGHELP.DLL
0x00007ff826010000 - 0x00007ff826044000 	C:\Windows\SYSTEM32\dbgcore.DLL
0x00007ff83f020000 - 0x00007ff83f0a2000 	C:\Windows\System32\bcryptPrimitives.dll
0x00007ff829220000 - 0x00007ff82922f000 	C:\Users\i n f i n i t y\.jdks\openjdk-23.0.1\bin\instrument.dll
0x00007ff81fc40000 - 0x00007ff81fc5e000 	C:\Users\i n f i n i t y\.jdks\openjdk-23.0.1\bin\java.dll
0x00007ff83fce0000 - 0x00007ff83fe0b000 	C:\Windows\System32\ole32.dll
0x00007ff841360000 - 0x00007ff8416b3000 	C:\Windows\System32\combase.dll
0x00007ff83ff40000 - 0x00007ff8406ae000 	C:\Windows\System32\SHELL32.dll
0x00007ff83ce40000 - 0x00007ff83d5e4000 	C:\Windows\SYSTEM32\windows.storage.dll
0x00007ff83e7f0000 - 0x00007ff83e81b000 	C:\Windows\SYSTEM32\Wldp.dll
0x00007ff840be0000 - 0x00007ff840cad000 	C:\Windows\System32\OLEAUT32.dll
0x00007ff83f750000 - 0x00007ff83f7fd000 	C:\Windows\System32\SHCORE.dll
0x00007ff840cc0000 - 0x00007ff840d1b000 	C:\Windows\System32\shlwapi.dll
0x00007ff83ecf0000 - 0x00007ff83ed15000 	C:\Windows\SYSTEM32\profapi.dll
0x00007fffef740000 - 0x00007fffef817000 	C:\Users\i n f i n i t y\.jdks\openjdk-23.0.1\bin\jsvml.dll
0x00007ff8190a0000 - 0x00007ff8190b7000 	C:\Users\i n f i n i t y\.jdks\openjdk-23.0.1\bin\zip.dll
0x00007ff82bd50000 - 0x00007ff82bd60000 	C:\Users\i n f i n i t y\.jdks\openjdk-23.0.1\bin\net.dll
0x00007ff83e550000 - 0x00007ff83e5ba000 	C:\Windows\system32\mswsock.dll
0x00007ff81f9f0000 - 0x00007ff81fa06000 	C:\Users\i n f i n i t y\.jdks\openjdk-23.0.1\bin\nio.dll
0x00007ff803760000 - 0x00007ff80377a000 	C:\Users\i n f i n i t y\AppData\Local\JetBrains\IntelliJ IDEA Community Edition 2023.3.6\bin\breakgen64.dll
0x00007ff82a8a0000 - 0x00007ff82a8a9000 	C:\Users\i n f i n i t y\.jdks\openjdk-23.0.1\bin\extnet.dll
0x00007ff81f9a0000 - 0x00007ff81f9aa000 	C:\Users\i n f i n i t y\.jdks\openjdk-23.0.1\bin\management.dll
0x00007ff81d670000 - 0x00007ff81d67b000 	C:\Users\i n f i n i t y\.jdks\openjdk-23.0.1\bin\management_ext.dll
0x00007ff840cb0000 - 0x00007ff840cb8000 	C:\Windows\System32\PSAPI.DLL

dbghelp: loaded successfully - version: 4.0.5 - missing functions: none
symbol engine: initialized successfully - sym options: 0x614 - pdb path: .;C:\Users\i n f i n i t y\.jdks\openjdk-23.0.1\bin;C:\Windows\SYSTEM32;C:\Windows\WinSxS\amd64_microsoft.windows.common-controls_6595b64144ccf1df_6.0.19041.5915_none_60b4b9d171f9c7c7;C:\Users\i n f i n i t y\.jdks\openjdk-23.0.1\bin\server;C:\Users\i n f i n i t y\AppData\Local\JetBrains\IntelliJ IDEA Community Edition 2023.3.6\bin

VM Arguments:
jvm_args: -javaagent:C:\Users\i n f i n i t y\AppData\Local\JetBrains\IntelliJ IDEA Community Edition 2023.3.6\lib\idea_rt.jar=62640:C:\Users\i n f i n i t y\AppData\Local\JetBrains\IntelliJ IDEA Community Edition 2023.3.6\bin -Dfile.encoding=UTF-8 -Dsun.stdout.encoding=UTF-8 -Dsun.stderr.encoding=UTF-8 
java_command: com.smart.ourSite.OurSiteApplication
java_class_path (initial): C:\spring_training\ourSite\target\classes;C:\Users\i n f i n i t y\.m2\repository\org\springframework\boot\spring-boot-starter\3.5.3\spring-boot-starter-3.5.3.jar;C:\Users\i n f i n i t y\.m2\repository\org\springframework\boot\spring-boot\3.5.3\spring-boot-3.5.3.jar;C:\Users\i n f i n i t y\.m2\repository\org\springframework\spring-context\6.2.8\spring-context-6.2.8.jar;C:\Users\i n f i n i t y\.m2\repository\org\springframework\boot\spring-boot-autoconfigure\3.5.3\spring-boot-autoconfigure-3.5.3.jar;C:\Users\i n f i n i t y\.m2\repository\org\springframework\boot\spring-boot-starter-logging\3.5.3\spring-boot-starter-logging-3.5.3.jar;C:\Users\i n f i n i t y\.m2\repository\ch\qos\logback\logback-classic\1.5.18\logback-classic-1.5.18.jar;C:\Users\i n f i n i t y\.m2\repository\ch\qos\logback\logback-core\1.5.18\logback-core-1.5.18.jar;C:\Users\i n f i n i t y\.m2\repository\org\apache\logging\log4j\log4j-to-slf4j\2.24.3\log4j-to-slf4j-2.24.3.jar;C:\Users\i n f i n i t y\.m2\repository\org\apache\logging\log4j\log4j-api\2.24.3\log4j-api-2.24.3.jar;C:\Users\i n f i n i t y\.m2\repository\org\slf4j\jul-to-slf4j\2.0.17\jul-to-slf4j-2.0.17.jar;C:\Users\i n f i n i t y\.m2\repository\jakarta\annotation\jakarta.annotation-api\2.1.1\jakarta.annotation-api-2.1.1.jar;C:\Users\i n f i n i t y\.m2\repository\org\springframework\spring-core\6.2.8\spring-core-6.2.8.jar;C:\Users\i n f i n i t y\.m2\repository\org\springframework\spring-jcl\6.2.8\spring-jcl-6.2.8.jar;C:\Users\i n f i n i t y\.m2\repository\org\yaml\snakeyaml\2.4\snakeyaml-2.4.jar;C:\Users\i n f i n i t y\.m2\repository\org\slf4j\slf4j-api\2.0.17\slf4j-api-2.0.17.jar;C:\Users\i n f i n i t y\.m2\repository\jakarta\xml\bind\jakarta.xml.bind-api\4.0.2\jakarta.xml.bind-api-4.0.2.jar;C:\Users\i n f i n i t y\.m2\repository\jakarta\activation\jakarta.activation-api\2.1.3\jakarta.activation-api-2.1.3.jar;C:\Users\i n f i n i t y\.m2\repository\net\bytebuddy\byte-buddy\1.17.6\byte-buddy-1.17.6.jar;C:\Users\i n f i n i t y\.m2\repository\org\springframework\boot\spring-boot-starter-web\3.5.3\spring-boot-starter-web-3.5.3.jar;C:\Users\i n f i n i t y\.m2\repository\org\springframework\boot\spring-boot-starter-json\3.5.3\spring-boot-starter-json-3.5.3.jar;C:\Users\i n f i n i t y\.m2\repository\com\fasterxml\jackson\datatype\jackson-datatype-jdk8\2.19.1\jackson-datatype-jdk8-2.19.1.jar;C:\Users\i n f i n i t y\.m2\repository\com\fasterxml\jackson\datatype\jackson-datatype-jsr310\2.19.1\jackson-datatype-jsr310-2.19.1.jar;C:\Users\i n f i n i t y\.m2\repository\com\fasterxml\jackson\module\jackson-module-parameter-names\2.19.1\jackson-module-parameter-names-2.19.1.jar;C:\Users\i n f i n i t y\.m2\repository\org\springframework\boot\spring-boot-starter-tomcat\3.5.3\spring-boot-starter-tomcat-3.5.3.jar;C:\Users\i n f i n i t y\.m2\repository\org\apache\tomcat\embed\tomcat-embed-core\10.1.42\tomcat-embed-core-10.1.42.jar;C:\Users\i n f i n i t y\.m2\repository\org\apache\tomcat\embed\tomcat-embed-el\10.1.42\tomcat-embed-el-10.1.42.jar;C:\Users\i n f i n i t y\.m2\repository\org\apache\tomcat\embed\tomcat-embed-websocket\10.1.42\tomcat-embed-websocket-10.1.42.jar;C:\Users\i n f i n i t y\.m2\repository\org\springframework\spring-web\6.2.8\spring-web-6.2.8.jar;C:\Users\i n f i n i t y\.m2\repository\org\springframework\spring-beans\6.2.8\spring-beans-6.2.8.jar;C:\Users\i n f i n i t y\.m2\repository\io\micrometer\micrometer-observation\1.15.1\micrometer-observation-1.15.1.jar;C:\Users\i n f i n i t y\.m2\repository\io\micrometer\micrometer-commons\1.15.1\micrometer-commons-1.15.1.jar;C:\Users\i n f i n i t y\.m2\repository\org\springframework\spring-webmvc\6.2.8\spring-webmvc-6.2.8.jar;C:\Users\i n f i n i t y\.m2\repository\org\springframework\spring-expression\6.2.8\spring-expression-6.2.8.jar;C:\Users\i n f i n i t y\.m2\repository\org\springframework\boot\spring-boot-starter-data-jpa\3.5.3\spring-boot-starter-data-jpa-3.5.3.jar;C:\Users\i n f i n i t y\.m2\repository\org\springframework\boot\spring-boot-starter-jdbc\3.5.3\spring-boot-starter-jdbc-3.5.3.jar;C:\Users\i n f i n i t y\.m2\repository\com\zaxxer\HikariCP\6.3.0\HikariCP-6.3.0.jar;C:\Users\i n f i n i t y\.m2\repository\org\springframework\spring-jdbc\6.2.8\spring-jdbc-6.2.8.jar;C:\Users\i n f i n i t y\.m2\repository\org\hibernate\orm\hibernate-core\6.6.18.Final\hibernate-core-6.6.18.Final.jar;C:\Users\i n f i n i t y\.m2\repository\jakarta\persistence\jakarta.persistence-api\3.1.0\jakarta.persistence-api-3.1.0.jar;C:\Users\i n f i n i t y\.m2\repository\jakarta\transaction\jakarta.transaction-api\2.0.1\jakarta.transaction-api-2.0.1.jar;C:\Users\i n f i n i t y\.m2\repository\org\jboss\logging\jboss-logging\3.6.1.Final\jboss-logging-3.6.1.Final.jar;C:\Users\i n f i n i t y\.m2\repository\org\hibernate\common\hibernate-commons-annotations\7.0.3.Final\hibernate-commons-annotations-7.0.3.Final.jar;C:\Users\i n f i n i t y\.m2\repository\io\smallrye\jandex\3.2.0\jandex-3.2.0.jar;C:\Users\i n f i n i t y\.m2\repository\com\fasterxml\classmate\1.7.0\classmate-1.7.0.jar;C:\Users\i n f i n i t y\.m2\repository\org\glassfish\jaxb\jaxb-runtime\4.0.5\jaxb-runtime-4.0.5.jar;C:\Users\i n f i n i t y\.m2\repository\org\glassfish\jaxb\jaxb-core\4.0.5\jaxb-core-4.0.5.jar;C:\Users\i n f i n i t y\.m2\repository\org\eclipse\angus\angus-activation\2.0.2\angus-activation-2.0.2.jar;C:\Users\i n f i n i t y\.m2\repository\org\glassfish\jaxb\txw2\4.0.5\txw2-4.0.5.jar;C:\Users\i n f i n i t y\.m2\repository\com\sun\istack\istack-commons-runtime\4.1.2\istack-commons-runtime-4.1.2.jar;C:\Users\i n f i n i t y\.m2\repository\jakarta\inject\jakarta.inject-api\2.0.1\jakarta.inject-api-2.0.1.jar;C:\Users\i n f i n i t y\.m2\repository\org\antlr\antlr4-runtime\4.13.0\antlr4-runtime-4.13.0.jar;C:\Users\i n f i n i t y\.m2\repository\org\springframework\data\spring-data-jpa\3.5.1\spring-data-jpa-3.5.1.jar;C:\Users\i n f i n i t y\.m2\repository\org\springframework\data\spring-data-commons\3.5.1\spring-data-commons-3.5.1.jar;C:\Users\i n f i n i t y\.m2\repository\org\springframework\spring-orm\6.2.8\spring-orm-6.2.8.jar;C:\Users\i n f i n i t y\.m2\repository\org\springframework\spring-tx\6.2.8\spring-tx-6.2.8.jar;C:\Users\i n f i n i t y\.m2\repository\org\springframework\spring-aspects\6.2.8\spring-aspects-6.2.8.jar;C:\Users\i n f i n i t y\.m2\repository\org\aspectj\aspectjweaver\1.9.24\aspectjweaver-1.9.24.jar;C:\Users\i n f i n i t y\.m2\repository\com\mysql\mysql-connector-j\9.2.0\mysql-connector-j-9.2.0.jar;C:\Users\i n f i n i t y\.m2\repository\org\projectlombok\lombok\1.18.38\lombok-1.18.38.jar;C:\Users\i n f i n i t y\.m2\repository\org\springframework\boot\spring-boot-devtools\3.5.3\spring-boot-devtools-3.5.3.jar;C:\Users\i n f i n i t y\.m2\repository\org\springframework\boot\spring-boot-starter-security\3.5.3\spring-boot-starter-security-3.5.3.jar;C:\Users\i n f i n i t y\.m2\repository\org\springframework\spring-aop\6.2.8\spring-aop-6.2.8.jar;C:\Users\i n f i n i t y\.m2\repository\org\springframework\security\spring-security-config\6.5.1\spring-security-config-6.5.1.jar;C:\Users\i n f i n i t y\.m2\repository\org\springframework\security\spring-security-core\6.5.1\spring-security-core-6.5.1.jar;C:\Users\i n f i n i t y\.m2\repository\org\springframework\security\spring-security-crypto\6.5.1\spring-security-crypto-6.5.1.jar;C:\Users\i n f i n i t y\.m2\repository\org\springframework\security\spring-security-web\6.5.1\spring-security-web-6.5.1.jar;C:\Users\i n f i n i t y\.m2\repository\io\jsonwebtoken\jjwt-api\0.11.5\jjwt-api-0.11.5.jar;C:\Users\i n f i n i t y\.m2\repository\io\jsonwebtoken\jjwt-impl\0.11.5\jjwt-impl-0.11.5.jar;C:\Users\i n f i n i t y\.m2\repository\io\jsonwebtoken\jjwt-jackson\0.11.5\jjwt-jackson-0.11.5.jar;C:\Users\i n f i n i t y\.m2\repository\com\fasterxml\jackson\core\jackson-databind\2.19.1\jackson-databind-2.19.1.jar;C:\Users\i n f i n i t y\.m2\repository\com\fasterxml\jackson\core\jackson-annotations\2.19.1\jackson-annotations-2.19.1.jar;C:\Users\i n f i n i t y\.m2\repository\com\fasterxml\jackson\core\jackson-core\2.19.1\jackson-core-2.19.1.jar
Launcher Type: SUN_STANDARD

[Global flags]
     intx CICompilerCount                          = 4                                         {product} {ergonomic}
     uint ConcGCThreads                            = 2                                         {product} {ergonomic}
     uint G1ConcRefinementThreads                  = 8                                         {product} {ergonomic}
   size_t G1HeapRegionSize                         = 2097152                                   {product} {ergonomic}
   size_t InitialHeapSize                          = 266338304                                 {product} {ergonomic}
   size_t MarkStackSize                            = 4194304                                   {product} {ergonomic}
   size_t MarkStackSizeMax                         = 536870912                                 {product} {ergonomic}
   size_t MaxHeapSize                              = 4259315712                                {product} {ergonomic}
   size_t MaxNewSize                               = 2554331136                                {product} {ergonomic}
   size_t MinHeapDeltaBytes                        = 2097152                                   {product} {ergonomic}
   size_t MinHeapSize                              = 8388608                                   {product} {ergonomic}
    uintx NonNMethodCodeHeapSize                   = 5832704                                {pd product} {ergonomic}
    uintx NonProfiledCodeHeapSize                  = 122945536                              {pd product} {ergonomic}
    uintx ProfiledCodeHeapSize                     = 122880000                              {pd product} {ergonomic}
    uintx ReservedCodeCacheSize                    = 251658240                              {pd product} {ergonomic}
     bool SegmentedCodeCache                       = true                                      {product} {ergonomic}
   size_t SoftMaxHeapSize                          = 4259315712                             {manageable} {ergonomic}
     bool UseCompressedOops                        = true                           {product lp64_product} {ergonomic}
     bool UseG1GC                                  = true                                      {product} {ergonomic}
     bool UseLargePagesIndividualAllocation        = false                                  {pd product} {ergonomic}

Logging:
Log output configuration:
 #0: stdout all=warning uptime,level,tags foldmultilines=false
 #1: stderr all=off uptime,level,tags foldmultilines=false

Environment Variables:
JAVA_HOME=C:\Users\i n f i n i t y\AppData\Local\Programs\Eclipse Adoptium\jdk-17.0.8.101-hotspot\
PATH=C:\Users\i n f i n i t y\AppData\Local\Programs\Python\Python312\Scripts\;C:\Users\i n f i n i t y\AppData\Local\Programs\Python\Python312\;C:\Program Files\Common Files\Oracle\Java\javapath;C:\Program Files (x86)\Common Files\Oracle\Java\java8path;C:\Program Files (x86)\Common Files\Oracle\Java\javapath;C:\Windows\system32;C:\Windows;C:\Windows\System32\Wbem;C:\Windows\System32\WindowsPowerShell\v1.0\;C:\Windows\System32\OpenSSH\;C:\Program Files (x86)\NVIDIA Corporation\PhysX\Common;C:\Program Files\Git\cmd;C:\Program Files\Microsoft SQL Server\150\Tools\Binn\;C:\Program Files\Microsoft SQL Server\Client SDK\ODBC\170\Tools\Binn\;C:\Program Files\dotnet\;C:\Program Files (x86)\Windows Kits\10\Windows Performance Toolkit\;C:\Program Files (x86)\Microsoft SQL Server\160\Tools\Binn\;C:\Program Files\Microsoft SQL Server\160\Tools\Binn\;C:\Program Files\Microsoft SQL Server\160\DTS\Binn\;C:\Program Files\MySQL\MySQL Server 8.0\bin;C:\ProgramData\chocolatey\bin;C:\Program Files\MongoDB\DatabaseTools\bin;C:\Users\i n f i n i t y\AppData\Local\Android\Sdk\platform-tools\;C:\SDKs\Android\flutter\bin\cache\dart-sdk\bin;C:\Users\i n f i n i t y\AppData\Local\Pub\Cache\bin\;C:\Users\i n f i n i t y\AppData\Local\nvm;C:\nvm4w\nodejs;C:\Users\i n f i n i t y\AppData\Local\nvm;C:\Program Files\Apache\maven-mvnd-2.0.0-rc-3-windows-amd64\mvn\bin;;C:\Program Files\NVIDIA Corporation\NVIDIA App\NvDLISR;C:\Program Files\MySQL\MySQL Shell 8.0\bin\;C:\Users\i n f i n i t y\AppData\Local\Programs\Eclipse Adoptium\jdk-17.0.8.101-hotspot\bin;C:\Users\i n f i n i t y\AppData\Local\Microsoft\WindowsApps;C:\SDKs\Android\flutter\bin;C:\Users\i n f i n i t y\.dotnet\tools;C:\Users\i n f i n i t y\AppData\Local\Programs\Microsoft VS Code\bin;C:\Users\i n f i n i t y\AppData\Local\Programs\Azure Data Studio\bin;C:\Users\i n f i n i t y\AppData\Local\GitHubDesktop\bin;C:\Program Files\JetBrains\IntelliJ IDEA 2023.3.6\bin;;C:\Users\i n f i n i t y\AppData\Local\JetBrains\IntelliJ IDEA Community Edition 2023.3.6\bin;;C:\Users\i n f i n i t y\AppData\Local\Microsoft\WinGet\Packages\Schniz.fnm_Microsoft.Winget.Source_8wekyb3d8bbwe;C:\Program Files\MongoDB\Shell\bin\;C:\Users\i n f i n i t y\AppData\Local\nvm;C:\nvm4w\nodejs;C:\Users\i n f i n i t y\AppData\Roaming\npm
USERNAME=ics
OS=Windows_NT
PROCESSOR_IDENTIFIER=Intel64 Family 6 Model 158 Stepping 9, GenuineIntel
TMP=C:\Users\INFINI~1\AppData\Local\Temp
TEMP=C:\Users\INFINI~1\AppData\Local\Temp




Periodic native trim disabled

---------------  S Y S T E M  ---------------

OS:
 Windows 10 , 64 bit Build 19041 (10.0.19041.5915)
OS uptime: 4 days 13:01 hours

CPU: total 8 (initial active 8) (4 cores per cpu, 2 threads per core) family 6 model 158 stepping 9 microcode 0xb4, cx8, cmov, fxsr, ht, mmx, 3dnowpref, sse, sse2, sse3, ssse3, sse4.1, sse4.2, popcnt, lzcnt, tsc, tscinvbit, avx, avx2, aes, erms, clmul, bmi1, bmi2, adx, fma, vzeroupper, clflush, clflushopt, rdtscp, f16c
Processor Information for the first 8 processors :
  Max Mhz: 2801, Current Mhz: 2800, Mhz Limit: 2772

Memory: 4k page, system-wide physical 16245M (2876M free)
TotalPageFile size 22113M (AvailPageFile size 8M)
current process WorkingSet (physical memory assigned to process): 128M, peak: 128M
current process commit charge ("private bytes"): 392M, peak: 392M

vm_info: OpenJDK 64-Bit Server VM (23.0.1+11-39) for windows-amd64 JRE (23.0.1+11-39), built on 2024-09-30T07:20:43Z with MS VC++ 17.6 (VS2022)

END.
